<?xml version="1.0" encoding="UTF-8"?>
<testsuite name="com.example.Journal.controller.FrameworkControllerTest" tests="5" skipped="0" failures="0" errors="0" timestamp="2020-01-14T11:12:00" hostname="sol020-Inspiron-5570" time="0.335">
  <properties/>
  <testcase name="GetFrameworks_200Response_ShouldReturnAllFrameworks" classname="com.example.Journal.controller.FrameworkControllerTest" time="0.134"/>
  <testcase name="PutFramework_200Response_ShouldReturnFramework" classname="com.example.Journal.controller.FrameworkControllerTest" time="0.098"/>
  <testcase name="PostFramework_500Response_ShouldReturnError" classname="com.example.Journal.controller.FrameworkControllerTest" time="0.038"/>
  <testcase name="PostFramework_201Response_ShouldReturnFramework" classname="com.example.Journal.controller.FrameworkControllerTest" time="0.028"/>
  <testcase name="PutFramework_200Response_ShouldReturnError" classname="com.example.Journal.controller.FrameworkControllerTest" time="0.03"/>
  <system-out><![CDATA[11:11:54.455 [Test worker] DEBUG org.springframework.test.context.junit4.SpringJUnit4ClassRunner - SpringJUnit4ClassRunner constructor called with [class com.example.Journal.controller.FrameworkControllerTest]
11:11:54.469 [Test worker] DEBUG org.springframework.test.context.BootstrapUtils - Instantiating CacheAwareContextLoaderDelegate from class [org.springframework.test.context.cache.DefaultCacheAwareContextLoaderDelegate]
11:11:54.479 [Test worker] DEBUG org.springframework.test.context.BootstrapUtils - Instantiating BootstrapContext using constructor [public org.springframework.test.context.support.DefaultBootstrapContext(java.lang.Class,org.springframework.test.context.CacheAwareContextLoaderDelegate)]
11:11:54.501 [Test worker] DEBUG org.springframework.test.context.BootstrapUtils - Instantiating TestContextBootstrapper for test class [com.example.Journal.controller.FrameworkControllerTest] from class [org.springframework.boot.test.context.SpringBootTestContextBootstrapper]
11:11:54.509 [Test worker] INFO org.springframework.boot.test.context.SpringBootTestContextBootstrapper - Neither @ContextConfiguration nor @ContextHierarchy found for test class [com.example.Journal.controller.FrameworkControllerTest], using SpringBootContextLoader
11:11:54.512 [Test worker] DEBUG org.springframework.test.context.support.AbstractContextLoader - Did not detect default resource location for test class [com.example.Journal.controller.FrameworkControllerTest]: class path resource [com/example/Journal/controller/FrameworkControllerTest-context.xml] does not exist
11:11:54.512 [Test worker] DEBUG org.springframework.test.context.support.AbstractContextLoader - Did not detect default resource location for test class [com.example.Journal.controller.FrameworkControllerTest]: class path resource [com/example/Journal/controller/FrameworkControllerTestContext.groovy] does not exist
11:11:54.512 [Test worker] INFO org.springframework.test.context.support.AbstractContextLoader - Could not detect default resource locations for test class [com.example.Journal.controller.FrameworkControllerTest]: no resource found for suffixes {-context.xml, Context.groovy}.
11:11:54.513 [Test worker] INFO org.springframework.test.context.support.AnnotationConfigContextLoaderUtils - Could not detect default configuration classes for test class [com.example.Journal.controller.FrameworkControllerTest]: FrameworkControllerTest does not declare any static, non-private, non-final, nested classes annotated with @Configuration.
11:11:54.548 [Test worker] DEBUG org.springframework.test.context.support.ActiveProfilesUtils - Could not find an 'annotation declaring class' for annotation type [org.springframework.test.context.ActiveProfiles] and class [com.example.Journal.controller.FrameworkControllerTest]
11:11:54.552 [Test worker] DEBUG org.springframework.core.env.StandardEnvironment - Adding PropertySource 'systemProperties' with lowest search precedence
11:11:54.553 [Test worker] DEBUG org.springframework.core.env.StandardEnvironment - Adding PropertySource 'systemEnvironment' with lowest search precedence
11:11:54.553 [Test worker] DEBUG org.springframework.core.env.StandardEnvironment - Initialized StandardEnvironment with PropertySources [MapPropertySource@1168303474 {name='systemProperties', properties={java.runtime.name=OpenJDK Runtime Environment, sun.boot.library.path=/usr/lib/jvm/java-8-openjdk-amd64/jre/lib/amd64, java.vm.version=25.232-b09, java.vm.vendor=Private Build, java.vendor.url=http://java.oracle.com/, path.separator=:, java.vm.name=OpenJDK 64-Bit Server VM, file.encoding.pkg=sun.io, sun.java.launcher=SUN_STANDARD, user.country=GB, sun.os.patch.level=unknown, java.vm.specification.name=Java Virtual Machine Specification, user.dir=/home/sol-020/Documents/Journal/Journal, java.runtime.version=1.8.0_232-8u232-b09-0ubuntu1~18.04.1-b09, java.awt.graphicsenv=sun.awt.X11GraphicsEnvironment, java.endorsed.dirs=/usr/lib/jvm/java-8-openjdk-amd64/jre/lib/endorsed, os.arch=amd64, java.io.tmpdir=/tmp, line.separator=
, java.vm.specification.vendor=Oracle Corporation, user.variant=, os.name=Linux, sun.jnu.encoding=UTF-8, java.library.path=/usr/java/packages/lib/amd64:/usr/lib/x86_64-linux-gnu/jni:/lib/x86_64-linux-gnu:/usr/lib/x86_64-linux-gnu:/usr/lib/jni:/lib:/usr/lib, java.specification.name=Java Platform API Specification, java.class.version=52.0, org.gradle.native=false, sun.management.compiler=HotSpot 64-Bit Tiered Compilers, os.version=5.0.0-37-generic, user.home=/home/sol-020, user.timezone=Europe/London, java.awt.printerjob=sun.print.PSPrinterJob, file.encoding=UTF-8, java.specification.version=1.8, java.class.path=/home/sol-020/Documents/Journal/Journal/build/classes/java/test:/home/sol-020/Documents/Journal/Journal/build/resources/test:/home/sol-020/Documents/Journal/Journal/build/classes/java/main:/home/sol-020/Documents/Journal/Journal/build/resources/main:/home/sol-020/.gradle/caches/modules-2/files-2.1/org.springframework.boot/spring-boot-starter-data-jpa/2.0.3.RELEASE/56c909f49b5385793942158e143187ecc8c7b54a/spring-boot-starter-data-jpa-2.0.3.RELEASE.jar:/home/sol-020/.gradle/caches/modules-2/files-2.1/org.springframework.boot/spring-boot-starter-web/2.0.3.RELEASE/41fd4180bea3813de8f3c602b5a126218360315b/spring-boot-starter-web-2.0.3.RELEASE.jar:/home/sol-020/.gradle/caches/modules-2/files-2.1/org.liquibase/liquibase-core/3.5.3/f346404c3876c5bd0e07a7e10b7565bdcd35dbab/liquibase-core-3.5.3.jar:/home/sol-020/.gradle/caches/modules-2/files-2.1/org.postgresql/postgresql/42.2.2/7ebd60d15eec1f9e796d68212121d92e3dd566b2/postgresql-42.2.2.jar:/home/sol-020/.gradle/caches/modules-2/files-2.1/info.cukes/cucumber-spring/1.2.5/2b96b04759ce9719d20ea74aab59e06e6db5274b/cucumber-spring-1.2.5.jar:/home/sol-020/.gradle/caches/modules-2/files-2.1/info.cukes/cucumber-java/1.2.5/2197dfa9cd7899ddce136a356994ac21f438f80/cucumber-java-1.2.5.jar:/home/sol-020/.gradle/caches/modules-2/files-2.1/org.springframework.boot/spring-boot-starter-jdbc/2.0.3.RELEASE/4f5f3411692a0f5efb60f7f583bdfcf49199a3d4/spring-boot-starter-jdbc-2.0.3.RELEASE.jar:/home/sol-020/.gradle/caches/modules-2/files-2.1/org.springframework.boot/spring-boot-starter-security/2.0.3.RELEASE/67de3ced1ebc68c7bbd9bc2ced390821fa682c2f/spring-boot-starter-security-2.0.3.RELEASE.jar:/home/sol-020/.gradle/caches/modules-2/files-2.1/org.springframework.boot/spring-boot-starter-test/2.0.3.RELEASE/1c624b1cc217bac010abce7a28df8169af4a7fa0/spring-boot-starter-test-2.0.3.RELEASE.jar:/home/sol-020/.gradle/caches/modules-2/files-2.1/info.cukes/cucumber-junit/1.2.5/7cedd85f2e6b4f2fa1091c921f509275c60e7500/cucumber-junit-1.2.5.jar:/home/sol-020/.gradle/caches/modules-2/files-2.1/junit/junit/4.12/2973d150c0dc1fefe998f834810d68f278ea58ec/junit-4.12.jar:/home/sol-020/.gradle/caches/modules-2/files-2.1/info.cukes/cucumber-core/1.2.5/7255a9d8e0c3b0f9e3cd80503c91c2b088b3d9b5/cucumber-core-1.2.5.jar:/home/sol-020/.gradle/caches/modules-2/files-2.1/com.h2database/h2/1.4.197/bb391050048ca8ae3e32451b5a3714ecd3596a46/h2-1.4.197.jar:/home/sol-020/.gradle/caches/modules-2/files-2.1/org.springframework.security/spring-security-test/5.0.6.RELEASE/ffdccf0dacbe2fed270c2a7ddf8cd8eafa44f8b6/spring-security-test-5.0.6.RELEASE.jar:/home/sol-020/.gradle/caches/modules-2/files-2.1/org.springframework.boot/spring-boot-starter-aop/2.0.3.RELEASE/a78c7bc25fd51b217f078421dc40d13ddc3b9f8f/spring-boot-starter-aop-2.0.3.RELEASE.jar:/home/sol-020/.gradle/caches/modules-2/files-2.1/org.springframework.boot/spring-boot-starter-json/2.0.3.RELEASE/2e389a8727588c549c28bb277f0f573f65554850/spring-boot-starter-json-2.0.3.RELEASE.jar:/home/sol-020/.gradle/caches/modules-2/files-2.1/org.springframework.boot/spring-boot-starter/2.0.3.RELEASE/ffaa050dbd36b0441645598f1a7ddaf67fd5e678/spring-boot-starter-2.0.3.RELEASE.jar:/home/sol-020/.gradle/caches/modules-2/files-2.1/org.hibernate/hibernate-core/5.2.17.Final/f2dc36470e7a2ffcf6106bb1625ecf5b54bb5f65/hibernate-core-5.2.17.Final.jar:/home/sol-020/.gradle/caches/modules-2/files-2.1/javax.transaction/javax.transaction-api/1.2/d81aff979d603edd90dcd8db2abc1f4ce6479e3e/javax.transaction-api-1.2.jar:/home/sol-020/.gradle/caches/modules-2/files-2.1/org.springframework.data/spring-data-jpa/2.0.8.RELEASE/8b874afd15da2b4d2d9b8431ad2be0c6829e41fe/spring-data-jpa-2.0.8.RELEASE.jar:/home/sol-020/.gradle/caches/modules-2/files-2.1/org.springframework/spring-aspects/5.0.7.RELEASE/afd3f7ecb9d7c2cb3160563f9f64b72223bb0265/spring-aspects-5.0.7.RELEASE.jar:/home/sol-020/.gradle/caches/modules-2/files-2.1/org.springframework.boot/spring-boot-starter-tomcat/2.0.3.RELEASE/25a51a75bfb997b7b95d6760178ee3303863ec4b/spring-boot-starter-tomcat-2.0.3.RELEASE.jar:/home/sol-020/.gradle/caches/modules-2/files-2.1/org.hibernate.validator/hibernate-validator/6.0.10.Final/4236051a8d209c00f85e70918d5e26d9f3e5201e/hibernate-validator-6.0.10.Final.jar:/home/sol-020/.gradle/caches/modules-2/files-2.1/org.springframework/spring-webmvc/5.0.7.RELEASE/751c871527ec7ff335ffc76f2e737e297c0a8d30/spring-webmvc-5.0.7.RELEASE.jar:/home/sol-020/.gradle/caches/modules-2/files-2.1/org.springframework.security/spring-security-web/5.0.6.RELEASE/f502d929ee62f5dce0fc942f5a22faa52eaaac34/spring-security-web-5.0.6.RELEASE.jar:/home/sol-020/.gradle/caches/modules-2/files-2.1/org.springframework/spring-web/5.0.7.RELEASE/2e04c6c2922fbfa06b5948be14a5782db168b6ec/spring-web-5.0.7.RELEASE.jar:/home/sol-020/.gradle/caches/modules-2/files-2.1/org.yaml/snakeyaml/1.19/2d998d3d674b172a588e54ab619854d073f555b5/snakeyaml-1.19.jar:/home/sol-020/.gradle/caches/modules-2/files-2.1/com.zaxxer/HikariCP/2.7.9/a83113d2c091d0d0f853dad3217bd7df3beb6ae3/HikariCP-2.7.9.jar:/home/sol-020/.gradle/caches/modules-2/files-2.1/org.springframework/spring-orm/5.0.7.RELEASE/4deed5f4a38d62f9dba7db8e010da8b49e322757/spring-orm-5.0.7.RELEASE.jar:/home/sol-020/.gradle/caches/modules-2/files-2.1/org.springframework/spring-jdbc/5.0.7.RELEASE/9c78c6b9a6c603f6589b480e165939cde7bab7f9/spring-jdbc-5.0.7.RELEASE.jar:/home/sol-020/.gradle/caches/modules-2/files-2.1/org.springframework.security/spring-security-config/5.0.6.RELEASE/60367d94d253c82781b7f9abf2294cd0295e1c1/spring-security-config-5.0.6.RELEASE.jar:/home/sol-020/.gradle/caches/modules-2/files-2.1/org.springframework.security/spring-security-core/5.0.6.RELEASE/11c0291cc9cda839b7feb52c519f4a35dc6e251b/spring-security-core-5.0.6.RELEASE.jar:/home/sol-020/.gradle/caches/modules-2/files-2.1/org.springframework.boot/spring-boot-test-autoconfigure/2.0.3.RELEASE/54e7d2167f2b926bf16a0ef8b91b6bfbd43826e7/spring-boot-test-autoconfigure-2.0.3.RELEASE.jar:/home/sol-020/.gradle/caches/modules-2/files-2.1/org.springframework.boot/spring-boot-test/2.0.3.RELEASE/5c9b4bb6cfce9ef6e53a0ff5fc4a7ff2867871d8/spring-boot-test-2.0.3.RELEASE.jar:/home/sol-020/.gradle/caches/modules-2/files-2.1/org.springframework.boot/spring-boot-autoconfigure/2.0.3.RELEASE/11bc4cc96b08fabad2b3186755818fa0b32d83f/spring-boot-autoconfigure-2.0.3.RELEASE.jar:/home/sol-020/.gradle/caches/modules-2/files-2.1/org.springframework.boot/spring-boot/2.0.3.RELEASE/b874870d915adbc3dd932e19077d3d45c8e54aa0/spring-boot-2.0.3.RELEASE.jar:/home/sol-020/.gradle/caches/modules-2/files-2.1/org.springframework/spring-context/5.0.7.RELEASE/243a23f8968de8754d8199d669780d683ab177bd/spring-context-5.0.7.RELEASE.jar:/home/sol-020/.gradle/caches/modules-2/files-2.1/org.springframework/spring-aop/5.0.7.RELEASE/fdd0b6aa3c9c7a188c3bfbf6dfd8d40e843be9ef/spring-aop-5.0.7.RELEASE.jar:/home/sol-020/.gradle/caches/modules-2/files-2.1/com.jayway.jsonpath/json-path/2.4.0/765a4401ceb2dc8d40553c2075eb80a8fa35c2ae/json-path-2.4.0.jar:/home/sol-020/.gradle/caches/modules-2/files-2.1/org.assertj/assertj-core/3.9.1/c5ce126b15f28d56cd8f960c1a6a058b9c9aea87/assertj-core-3.9.1.jar:/home/sol-020/.gradle/caches/modules-2/files-2.1/org.mockito/mockito-core/2.15.0/b84bfbbc29cd22c9529409627af6ea2897f4fa85/mockito-core-2.15.0.jar:/home/sol-020/.gradle/caches/modules-2/files-2.1/org.hamcrest/hamcrest-library/1.3/4785a3c21320980282f9f33d0d1264a69040538f/hamcrest-library-1.3.jar:/home/sol-020/.gradle/caches/modules-2/files-2.1/org.hamcrest/hamcrest-core/1.3/42a25dc3219429f0e5d060061f71acb49bf010a0/hamcrest-core-1.3.jar:/home/sol-020/.gradle/caches/modules-2/files-2.1/org.skyscreamer/jsonassert/1.5.0/6c9d5fe2f59da598d9aefc1cfc6528ff3cf32df3/jsonassert-1.5.0.jar:/home/sol-020/.gradle/caches/modules-2/files-2.1/org.springframework/spring-test/5.0.7.RELEASE/bcb7505a316ea34b7e9a7ae5d4921be5b475c02d/spring-test-5.0.7.RELEASE.jar:/home/sol-020/.gradle/caches/modules-2/files-2.1/org.springframework.data/spring-data-commons/2.0.8.RELEASE/5c19af63b5acb0eab39066684e813d5ecd9d03b7/spring-data-commons-2.0.8.RELEASE.jar:/home/sol-020/.gradle/caches/modules-2/files-2.1/org.springframework/spring-tx/5.0.7.RELEASE/4ca59b21c61162adb146ad1b40c30b60d8dc42b8/spring-tx-5.0.7.RELEASE.jar:/home/sol-020/.gradle/caches/modules-2/files-2.1/org.springframework/spring-beans/5.0.7.RELEASE/c1196cb3e56da83e3c3a02ef323699f4b05feedc/spring-beans-5.0.7.RELEASE.jar:/home/sol-020/.gradle/caches/modules-2/files-2.1/org.springframework/spring-expression/5.0.7.RELEASE/ca01fb473f53dd0ee3c85663b26d5dc325602057/spring-expression-5.0.7.RELEASE.jar:/home/sol-020/.gradle/caches/modules-2/files-2.1/org.springframework/spring-core/5.0.7.RELEASE/54b731178d81e66eca9623df772ff32718208137/spring-core-5.0.7.RELEASE.jar:/home/sol-020/.gradle/caches/modules-2/files-2.1/org.xmlunit/xmlunit-core/2.5.1/4ffdb346572a7356f7521cd3119ce5287d2e339d/xmlunit-core-2.5.1.jar:/home/sol-020/.gradle/caches/modules-2/files-2.1/info.cukes/cucumber-html/0.2.3/624a0c986088e32910336dd77aee5191c04a8201/cucumber-html-0.2.3.jar:/home/sol-020/.gradle/caches/modules-2/files-2.1/info.cukes/cucumber-jvm-deps/1.0.5/69ed0efe4b81f05da3c0bdc7281cbdc43f5ceb26/cucumber-jvm-deps-1.0.5.jar:/home/sol-020/.gradle/caches/modules-2/files-2.1/info.cukes/gherkin/2.12.2/17138631fa20fd0e44a13e50d6b7be59cee1a94/gherkin-2.12.2.jar:/home/sol-020/.gradle/caches/modules-2/files-2.1/org.springframework.boot/spring-boot-starter-logging/2.0.3.RELEASE/7caad34f01d2688919e15e09a90467963e3d5190/spring-boot-starter-logging-2.0.3.RELEASE.jar:/home/sol-020/.gradle/caches/modules-2/files-2.1/javax.annotation/javax.annotation-api/1.3.2/934c04d3cfef185a8008e7bf34331b79730a9d43/javax.annotation-api-1.3.2.jar:/home/sol-020/.gradle/caches/modules-2/files-2.1/org.aspectj/aspectjweaver/1.8.13/ad94df2a28d658a40dc27bbaff6a1ce5fbf04e9b/aspectjweaver-1.8.13.jar:/home/sol-020/.gradle/caches/modules-2/files-2.1/org.hibernate.common/hibernate-commons-annotations/5.0.1.Final/71e1cff3fcb20d3b3af4f3363c3ddb24d33c6879/hibernate-commons-annotations-5.0.1.Final.jar:/home/sol-020/.gradle/caches/modules-2/files-2.1/org.jboss.logging/jboss-logging/3.3.2.Final/3789d00e859632e6c6206adc0c71625559e6e3b0/jboss-logging-3.3.2.Final.jar:/home/sol-020/.gradle/caches/modules-2/files-2.1/org.hibernate.javax.persistence/hibernate-jpa-2.1-api/1.0.2.Final/52afb5762c704a6b586e27742470c08f91877fc1/hibernate-jpa-2.1-api-1.0.2.Final.jar:/home/sol-020/.gradle/caches/modules-2/files-2.1/org.javassist/javassist/3.22.0-GA/3e83394258ae2089be7219b971ec21a8288528ad/javassist-3.22.0-GA.jar:/home/sol-020/.gradle/caches/modules-2/files-2.1/antlr/antlr/2.7.7/83cd2cd674a217ade95a4bb83a8a14f351f48bd0/antlr-2.7.7.jar:/home/sol-020/.gradle/caches/modules-2/files-2.1/org.jboss/jandex/2.0.3.Final/bfc4d6257dbff7a33a357f0de116be6ff951d849/jandex-2.0.3.Final.jar:/home/sol-020/.gradle/caches/modules-2/files-2.1/com.fasterxml/classmate/1.3.4/3d5f48f10bbe4eb7bd862f10c0583be2e0053c6/classmate-1.3.4.jar:/home/sol-020/.gradle/caches/modules-2/files-2.1/dom4j/dom4j/1.6.1/5d3ccc056b6f056dbf0dddfdf43894b9065a8f94/dom4j-1.6.1.jar:/home/sol-020/.gradle/caches/modules-2/files-2.1/ch.qos.logback/logback-classic/1.2.3/7c4f3c474fb2c041d8028740440937705ebb473a/logback-classic-1.2.3.jar:/home/sol-020/.gradle/caches/modules-2/files-2.1/org.apache.logging.log4j/log4j-to-slf4j/2.10.0/f7e631ccf49cfc0aefa4a2a728da7d374c05bd3c/log4j-to-slf4j-2.10.0.jar:/home/sol-020/.gradle/caches/modules-2/files-2.1/org.slf4j/jul-to-slf4j/1.7.25/af5364cd6679bfffb114f0dec8a157aaa283b76/jul-to-slf4j-1.7.25.jar:/home/sol-020/.gradle/caches/modules-2/files-2.1/org.slf4j/slf4j-api/1.7.25/da76ca59f6a57ee3102f8f9bd9cee742973efa8a/slf4j-api-1.7.25.jar:/home/sol-020/.gradle/caches/modules-2/files-2.1/com.fasterxml.jackson.datatype/jackson-datatype-jdk8/2.9.6/456895fc91bf7180b216fead220373e6278230c9/jackson-datatype-jdk8-2.9.6.jar:/home/sol-020/.gradle/caches/modules-2/files-2.1/com.fasterxml.jackson.datatype/jackson-datatype-jsr310/2.9.6/ea54f6193d224e5e5732bbd4262327eb465397c2/jackson-datatype-jsr310-2.9.6.jar:/home/sol-020/.gradle/caches/modules-2/files-2.1/com.fasterxml.jackson.module/jackson-module-parameter-names/2.9.6/129acd77a4b6ee30d62d3a0899b1344c8ec2bff8/jackson-module-parameter-names-2.9.6.jar:/home/sol-020/.gradle/caches/modules-2/files-2.1/com.fasterxml.jackson.core/jackson-databind/2.9.6/cfa4f316351a91bfd95cb0644c6a2c95f52db1fc/jackson-databind-2.9.6.jar:/home/sol-020/.gradle/caches/modules-2/files-2.1/org.apache.tomcat.embed/tomcat-embed-websocket/8.5.31/6564e716b89de5eaa0dd234ae7989576503ddf3/tomcat-embed-websocket-8.5.31.jar:/home/sol-020/.gradle/caches/modules-2/files-2.1/org.apache.tomcat.embed/tomcat-embed-core/8.5.31/f5adf7ed8c34aa005b22b6a2dc7b6796e10e9c79/tomcat-embed-core-8.5.31.jar:/home/sol-020/.gradle/caches/modules-2/files-2.1/org.apache.tomcat.embed/tomcat-embed-el/8.5.31/3a536e1ac71b82627c3a7408eb38fa0704cb9034/tomcat-embed-el-8.5.31.jar:/home/sol-020/.gradle/caches/modules-2/files-2.1/javax.validation/validation-api/2.0.1.Final/cb855558e6271b1b32e716d24cb85c7f583ce09e/validation-api-2.0.1.Final.jar:/home/sol-020/.gradle/caches/modules-2/files-2.1/net.minidev/json-smart/2.3/7396407491352ce4fa30de92efb158adb76b5b/json-smart-2.3.jar:/home/sol-020/.gradle/caches/modules-2/files-2.1/net.bytebuddy/byte-buddy/1.7.11/f02857a4e2c66ccbe7aaad6100a0a6c461bce9b3/byte-buddy-1.7.11.jar:/home/sol-020/.gradle/caches/modules-2/files-2.1/net.bytebuddy/byte-buddy-agent/1.7.11/b425a8933ca07edd03c6dbc8bc3b595fba9780de/byte-buddy-agent-1.7.11.jar:/home/sol-020/.gradle/caches/modules-2/files-2.1/org.objenesis/objenesis/2.6/639033469776fd37c08358c6b92a4761feb2af4b/objenesis-2.6.jar:/home/sol-020/.gradle/caches/modules-2/files-2.1/com.vaadin.external.google/android-json/0.0.20131108.vaadin1/fa26d351fe62a6a17f5cda1287c1c6110dec413f/android-json-0.0.20131108.vaadin1.jar:/home/sol-020/.gradle/caches/modules-2/files-2.1/org.springframework/spring-jcl/5.0.7.RELEASE/699016ddf454c2c167d9f84ae5777eccadf54728/spring-jcl-5.0.7.RELEASE.jar:/home/sol-020/.gradle/caches/modules-2/files-2.1/com.fasterxml.jackson.core/jackson-annotations/2.9.0/7c10d545325e3a6e72e06381afe469fd40eb701/jackson-annotations-2.9.0.jar:/home/sol-020/.gradle/caches/modules-2/files-2.1/com.fasterxml.jackson.core/jackson-core/2.9.6/4e393793c37c77e042ccc7be5a914ae39251b365/jackson-core-2.9.6.jar:/home/sol-020/.gradle/caches/modules-2/files-2.1/net.minidev/accessors-smart/1.2/c592b500269bfde36096641b01238a8350f8aa31/accessors-smart-1.2.jar:/home/sol-020/.gradle/caches/modules-2/files-2.1/ch.qos.logback/logback-core/1.2.3/864344400c3d4d92dfeb0a305dc87d953677c03c/logback-core-1.2.3.jar:/home/sol-020/.gradle/caches/modules-2/files-2.1/org.apache.logging.log4j/log4j-api/2.10.0/fec5797a55b786184a537abd39c3fa1449d752d6/log4j-api-2.10.0.jar:/home/sol-020/.gradle/caches/modules-2/files-2.1/org.ow2.asm/asm/5.0.4/da08b8cce7bbf903602a25a3a163ae252435795/asm-5.0.4.jar, user.name=sol-020, java.vm.specification.version=1.8, sun.java.command=worker.org.gradle.process.internal.worker.GradleWorkerMain 'Gradle Test Executor 4', java.home=/usr/lib/jvm/java-8-openjdk-amd64/jre, sun.arch.data.model=64, user.language=en, java.specification.vendor=Oracle Corporation, awt.toolkit=sun.awt.X11.XToolkit, java.vm.info=mixed mode, java.version=1.8.0_232, java.ext.dirs=/usr/lib/jvm/java-8-openjdk-amd64/jre/lib/ext:/usr/java/packages/lib/ext, sun.boot.class.path=/usr/lib/jvm/java-8-openjdk-amd64/jre/lib/resources.jar:/usr/lib/jvm/java-8-openjdk-amd64/jre/lib/rt.jar:/usr/lib/jvm/java-8-openjdk-amd64/jre/lib/sunrsasign.jar:/usr/lib/jvm/java-8-openjdk-amd64/jre/lib/jsse.jar:/usr/lib/jvm/java-8-openjdk-amd64/jre/lib/jce.jar:/usr/lib/jvm/java-8-openjdk-amd64/jre/lib/charsets.jar:/usr/lib/jvm/java-8-openjdk-amd64/jre/lib/jfr.jar:/usr/lib/jvm/java-8-openjdk-amd64/jre/classes, java.vendor=Private Build, org.gradle.test.worker=4, file.separator=/, java.vendor.url.bug=http://bugreport.sun.com/bugreport/, sun.io.unicode.encoding=UnicodeLittle, sun.cpu.endian=little, sun.desktop=gnome, sun.cpu.isalist=}}, SystemEnvironmentPropertySource@1466146073 {name='systemEnvironment', properties={PATH=/usr/local/sbin:/usr/local/bin:/usr/sbin:/usr/bin:/sbin:/bin:/usr/games:/usr/local/games:/snap/bin, XAUTHORITY=/run/user/1000/gdm/Xauthority, XMODIFIERS=@im=ibus, XDG_DATA_DIRS=/usr/share/ubuntu:/usr/local/share:/usr/share:/var/lib/snapd/desktop, GDMSESSION=ubuntu, SNAP_COMMON=/var/snap/intellij-idea-community/common, TEXTDOMAINDIR=/usr/share/locale/, SNAP_INSTANCE_KEY=, GTK_IM_MODULE=ibus, SNAP_USER_COMMON=/home/sol-020/snap/intellij-idea-community/common, DBUS_SESSION_BUS_ADDRESS=unix:path=/run/user/1000/bus, SNAP_REVISION=197, XDG_CURRENT_DESKTOP=ubuntu:GNOME, SSH_AGENT_PID=1905, QT4_IM_MODULE=xim, SESSION_MANAGER=local/sol020-Inspiron-5570:@/tmp/.ICE-unix/1810,unix/sol020-Inspiron-5570:/tmp/.ICE-unix/1810, USERNAME=sol-020, LOGNAME=sol-020, PWD=/home/sol-020, IM_CONFIG_PHASE=2, S_COLORS=auto, LANGUAGE=en_GB:en, GJS_DEBUG_TOPICS=JS ERROR;JS LOG, SHELL=/bin/bash, GIO_LAUNCHED_DESKTOP_FILE=/var/lib/snapd/desktop/applications/intellij-idea-community_intellij-idea-community.desktop, OLDPWD=/snap/intellij-idea-community/197/bin, BAMF_DESKTOP_FILE_HINT=/var/lib/snapd/desktop/applications/intellij-idea-community_intellij-idea-community.desktop, GNOME_DESKTOP_SESSION_ID=this-is-deprecated, GTK_MODULES=gail:atk-bridge, CLUTTER_IM_MODULE=xim, TEXTDOMAIN=im-config, SNAP_ARCH=amd64, XDG_SESSION_DESKTOP=ubuntu, SNAP_LIBRARY_PATH=/var/lib/snapd/lib/gl:/var/lib/snapd/lib/gl32:/var/lib/snapd/void, SHLVL=0, SNAP_NAME=intellij-idea-community, QT_IM_MODULE=xim, XDG_CONFIG_DIRS=/etc/xdg/xdg-ubuntu:/etc/xdg, LANG=en_GB.UTF-8, SNAP_INSTANCE_NAME=intellij-idea-community, XDG_SESSION_ID=2, XDG_SESSION_TYPE=x11, SNAP_USER_DATA=/home/sol-020/snap/intellij-idea-community/197, DISPLAY=:0, SNAP_REEXEC=, SNAP_VERSION=2019.3.1, SNAP_DATA=/var/snap/intellij-idea-community/197, GPG_AGENT_INFO=/run/user/1000/gnupg/S.gpg-agent:0:1, DESKTOP_SESSION=ubuntu, SNAP=/snap/intellij-idea-community/197, USER=sol-020, XDG_MENU_PREFIX=gnome-, GIO_LAUNCHED_DESKTOP_FILE_PID=4449, QT_ACCESSIBILITY=1, WINDOWPATH=2, GJS_DEBUG_OUTPUT=stderr, SSH_AUTH_SOCK=/run/user/1000/keyring/ssh, XDG_SEAT=seat0, GNOME_SHELL_SESSION_MODE=ubuntu, SNAP_CONTEXT=SN29xSSRgFrdYrWcpLQ6xD3Kwm6vJgsnXD6FgWGjqpkC, XDG_VTNR=2, XDG_RUNTIME_DIR=/run/user/1000/snap.intellij-idea-community, SNAP_COOKIE=SN29xSSRgFrdYrWcpLQ6xD3Kwm6vJgsnXD6FgWGjqpkC, HOME=/home/sol-020}}]
11:11:54.563 [Test worker] DEBUG org.springframework.core.io.support.PathMatchingResourcePatternResolver - Resolved classpath location [com/example/Journal/controller/] to resources [URL [file:/home/sol-020/Documents/Journal/Journal/build/classes/java/test/com/example/Journal/controller/], URL [file:/home/sol-020/Documents/Journal/Journal/build/classes/java/main/com/example/Journal/controller/]]
11:11:54.563 [Test worker] DEBUG org.springframework.core.io.support.PathMatchingResourcePatternResolver - Looking for matching resources in directory tree [/home/sol-020/Documents/Journal/Journal/build/classes/java/test/com/example/Journal/controller]
11:11:54.564 [Test worker] DEBUG org.springframework.core.io.support.PathMatchingResourcePatternResolver - Searching directory [/home/sol-020/Documents/Journal/Journal/build/classes/java/test/com/example/Journal/controller] for files matching pattern [/home/sol-020/Documents/Journal/Journal/build/classes/java/test/com/example/Journal/controller/*.class]
11:11:54.566 [Test worker] DEBUG org.springframework.core.io.support.PathMatchingResourcePatternResolver - Looking for matching resources in directory tree [/home/sol-020/Documents/Journal/Journal/build/classes/java/main/com/example/Journal/controller]
11:11:54.566 [Test worker] DEBUG org.springframework.core.io.support.PathMatchingResourcePatternResolver - Searching directory [/home/sol-020/Documents/Journal/Journal/build/classes/java/main/com/example/Journal/controller] for files matching pattern [/home/sol-020/Documents/Journal/Journal/build/classes/java/main/com/example/Journal/controller/*.class]
11:11:54.566 [Test worker] DEBUG org.springframework.core.io.support.PathMatchingResourcePatternResolver - Resolved location pattern [classpath*:com/example/Journal/controller/*.class] to resources [file [/home/sol-020/Documents/Journal/Journal/build/classes/java/test/com/example/Journal/controller/FrameworkControllerTest.class], file [/home/sol-020/Documents/Journal/Journal/build/classes/java/test/com/example/Journal/controller/LanguageControllerTest.class], file [/home/sol-020/Documents/Journal/Journal/build/classes/java/test/com/example/Journal/controller/ResourceControllerTest.class], file [/home/sol-020/Documents/Journal/Journal/build/classes/java/main/com/example/Journal/controller/FrameworkController.class], file [/home/sol-020/Documents/Journal/Journal/build/classes/java/main/com/example/Journal/controller/LanguageController.class], file [/home/sol-020/Documents/Journal/Journal/build/classes/java/main/com/example/Journal/controller/ResourceController.class]]
11:11:54.627 [Test worker] DEBUG org.springframework.core.io.support.PathMatchingResourcePatternResolver - Resolved classpath location [com/example/Journal/] to resources [URL [file:/home/sol-020/Documents/Journal/Journal/build/classes/java/test/com/example/Journal/], URL [file:/home/sol-020/Documents/Journal/Journal/build/classes/java/main/com/example/Journal/]]
11:11:54.627 [Test worker] DEBUG org.springframework.core.io.support.PathMatchingResourcePatternResolver - Looking for matching resources in directory tree [/home/sol-020/Documents/Journal/Journal/build/classes/java/test/com/example/Journal]
11:11:54.627 [Test worker] DEBUG org.springframework.core.io.support.PathMatchingResourcePatternResolver - Searching directory [/home/sol-020/Documents/Journal/Journal/build/classes/java/test/com/example/Journal] for files matching pattern [/home/sol-020/Documents/Journal/Journal/build/classes/java/test/com/example/Journal/*.class]
11:11:54.628 [Test worker] DEBUG org.springframework.core.io.support.PathMatchingResourcePatternResolver - Looking for matching resources in directory tree [/home/sol-020/Documents/Journal/Journal/build/classes/java/main/com/example/Journal]
11:11:54.628 [Test worker] DEBUG org.springframework.core.io.support.PathMatchingResourcePatternResolver - Searching directory [/home/sol-020/Documents/Journal/Journal/build/classes/java/main/com/example/Journal] for files matching pattern [/home/sol-020/Documents/Journal/Journal/build/classes/java/main/com/example/Journal/*.class]
11:11:54.629 [Test worker] DEBUG org.springframework.core.io.support.PathMatchingResourcePatternResolver - Resolved location pattern [classpath*:com/example/Journal/*.class] to resources [file [/home/sol-020/Documents/Journal/Journal/build/classes/java/test/com/example/Journal/JsonUtilities.class], file [/home/sol-020/Documents/Journal/Journal/build/classes/java/main/com/example/Journal/JournalApplication.class]]
11:11:54.645 [Test worker] DEBUG org.springframework.context.annotation.ClassPathScanningCandidateComponentProvider - Identified candidate component class: file [/home/sol-020/Documents/Journal/Journal/build/classes/java/main/com/example/Journal/JournalApplication.class]
11:11:54.646 [Test worker] INFO org.springframework.boot.test.context.SpringBootTestContextBootstrapper - Found @SpringBootConfiguration com.example.Journal.JournalApplication for test class com.example.Journal.controller.FrameworkControllerTest
11:11:54.729 [Test worker] DEBUG org.springframework.boot.test.context.SpringBootTestContextBootstrapper - @TestExecutionListeners is not present for class [com.example.Journal.controller.FrameworkControllerTest]: using defaults.
11:11:54.729 [Test worker] INFO org.springframework.boot.test.context.SpringBootTestContextBootstrapper - Loaded default TestExecutionListener class names from location [META-INF/spring.factories]: [org.springframework.security.test.context.support.WithSecurityContextTestExecutionListener, org.springframework.security.test.context.support.ReactorContextTestExecutionListener, org.springframework.boot.test.autoconfigure.restdocs.RestDocsTestExecutionListener, org.springframework.boot.test.autoconfigure.web.client.MockRestServiceServerResetTestExecutionListener, org.springframework.boot.test.autoconfigure.web.servlet.MockMvcPrintOnlyOnFailureTestExecutionListener, org.springframework.boot.test.autoconfigure.web.servlet.WebDriverTestExecutionListener, org.springframework.boot.test.mock.mockito.MockitoTestExecutionListener, org.springframework.boot.test.mock.mockito.ResetMocksTestExecutionListener, org.springframework.test.context.web.ServletTestExecutionListener, org.springframework.test.context.support.DirtiesContextBeforeModesTestExecutionListener, org.springframework.test.context.support.DependencyInjectionTestExecutionListener, org.springframework.test.context.support.DirtiesContextTestExecutionListener, org.springframework.test.context.transaction.TransactionalTestExecutionListener, org.springframework.test.context.jdbc.SqlScriptsTestExecutionListener]
11:11:54.744 [Test worker] INFO org.springframework.boot.test.context.SpringBootTestContextBootstrapper - Using TestExecutionListeners: [org.springframework.test.context.web.ServletTestExecutionListener@79ffc1df, org.springframework.test.context.support.DirtiesContextBeforeModesTestExecutionListener@a4994ef, org.springframework.boot.test.mock.mockito.MockitoTestExecutionListener@3e3ea4c1, org.springframework.boot.test.autoconfigure.SpringBootDependencyInjectionTestExecutionListener@2b923034, org.springframework.test.context.support.DirtiesContextTestExecutionListener@2ce4eda0, org.springframework.test.context.transaction.TransactionalTestExecutionListener@6a4cea3f, org.springframework.test.context.jdbc.SqlScriptsTestExecutionListener@211f531b, org.springframework.security.test.context.support.WithSecurityContextTestExecutionListener@1b36d49c, org.springframework.security.test.context.support.ReactorContextTestExecutionListener@10b4b3b7, org.springframework.boot.test.autoconfigure.restdocs.RestDocsTestExecutionListener@1da4be8c, org.springframework.boot.test.autoconfigure.web.client.MockRestServiceServerResetTestExecutionListener@46f8b1a8, org.springframework.boot.test.autoconfigure.web.servlet.MockMvcPrintOnlyOnFailureTestExecutionListener@6bc70fdf, org.springframework.boot.test.autoconfigure.web.servlet.WebDriverTestExecutionListener@5e5b201b, org.springframework.boot.test.mock.mockito.ResetMocksTestExecutionListener@6633b582]
11:11:54.746 [Test worker] DEBUG org.springframework.test.annotation.ProfileValueUtils - Retrieved @ProfileValueSourceConfiguration [null] for test class [com.example.Journal.controller.FrameworkControllerTest]
11:11:54.746 [Test worker] DEBUG org.springframework.test.annotation.ProfileValueUtils - Retrieved ProfileValueSource type [class org.springframework.test.annotation.SystemProfileValueSource] for class [com.example.Journal.controller.FrameworkControllerTest]
11:11:54.747 [Test worker] DEBUG org.springframework.test.annotation.ProfileValueUtils - Retrieved @ProfileValueSourceConfiguration [null] for test class [com.example.Journal.controller.FrameworkControllerTest]
11:11:54.747 [Test worker] DEBUG org.springframework.test.annotation.ProfileValueUtils - Retrieved ProfileValueSource type [class org.springframework.test.annotation.SystemProfileValueSource] for class [com.example.Journal.controller.FrameworkControllerTest]
11:11:54.750 [Test worker] DEBUG org.springframework.test.context.support.AbstractDirtiesContextTestExecutionListener - Before test class: context [DefaultTestContext@5369c458 testClass = FrameworkControllerTest, testInstance = [null], testMethod = [null], testException = [null], mergedContextConfiguration = [WebMergedContextConfiguration@563626d4 testClass = FrameworkControllerTest, locations = '{}', classes = '{class com.example.Journal.JournalApplication}', contextInitializerClasses = '[]', activeProfiles = '{}', propertySourceLocations = '{}', propertySourceProperties = '{org.springframework.boot.test.context.SpringBootTestContextBootstrapper=true}', contextCustomizers = set[org.springframework.boot.test.autoconfigure.properties.PropertyMappingContextCustomizer@e7e8512, org.springframework.boot.test.autoconfigure.web.servlet.WebDriverContextCustomizerFactory$Customizer@8ecfcc6, [ImportsContextCustomizer@359db1c0 key = [org.springframework.boot.test.autoconfigure.web.servlet.MockMvcAutoConfiguration, org.springframework.boot.test.autoconfigure.web.servlet.MockMvcSecurityAutoConfiguration, org.springframework.boot.test.autoconfigure.web.servlet.MockMvcWebClientAutoConfiguration, org.springframework.boot.test.autoconfigure.web.servlet.MockMvcWebDriverAutoConfiguration]], org.springframework.boot.test.context.filter.ExcludeFilterContextCustomizer@5d12f989, org.springframework.boot.test.json.DuplicateJsonObjectContextCustomizerFactory$DuplicateJsonObjectContextCustomizer@1ad622cf, org.springframework.boot.test.mock.mockito.MockitoContextCustomizer@0, org.springframework.boot.test.web.client.TestRestTemplateContextCustomizer@40df1f9], resourceBasePath = 'src/main/webapp', contextLoader = 'org.springframework.boot.test.context.SpringBootContextLoader', parent = [null]], attributes = map['org.springframework.test.context.web.ServletTestExecutionListener.activateListener' -> true]], class annotated with @DirtiesContext [false] with mode [null].
11:11:54.751 [Test worker] DEBUG org.springframework.test.annotation.ProfileValueUtils - Retrieved @ProfileValueSourceConfiguration [null] for test class [com.example.Journal.controller.FrameworkControllerTest]
11:11:54.751 [Test worker] DEBUG org.springframework.test.annotation.ProfileValueUtils - Retrieved ProfileValueSource type [class org.springframework.test.annotation.SystemProfileValueSource] for class [com.example.Journal.controller.FrameworkControllerTest]
11:11:54.849 [Test worker] DEBUG org.springframework.core.env.StandardEnvironment - Adding PropertySource 'systemProperties' with lowest search precedence
11:11:54.849 [Test worker] DEBUG org.springframework.core.env.StandardEnvironment - Adding PropertySource 'systemEnvironment' with lowest search precedence
11:11:54.849 [Test worker] DEBUG org.springframework.core.env.StandardEnvironment - Initialized StandardEnvironment with PropertySources [MapPropertySource@1867679339 {name='systemProperties', properties={java.runtime.name=OpenJDK Runtime Environment, sun.boot.library.path=/usr/lib/jvm/java-8-openjdk-amd64/jre/lib/amd64, java.vm.version=25.232-b09, java.vm.vendor=Private Build, java.vendor.url=http://java.oracle.com/, path.separator=:, java.vm.name=OpenJDK 64-Bit Server VM, file.encoding.pkg=sun.io, sun.java.launcher=SUN_STANDARD, user.country=GB, sun.os.patch.level=unknown, java.vm.specification.name=Java Virtual Machine Specification, user.dir=/home/sol-020/Documents/Journal/Journal, java.runtime.version=1.8.0_232-8u232-b09-0ubuntu1~18.04.1-b09, java.awt.graphicsenv=sun.awt.X11GraphicsEnvironment, java.endorsed.dirs=/usr/lib/jvm/java-8-openjdk-amd64/jre/lib/endorsed, os.arch=amd64, java.io.tmpdir=/tmp, line.separator=
, java.vm.specification.vendor=Oracle Corporation, user.variant=, os.name=Linux, sun.jnu.encoding=UTF-8, java.library.path=/usr/java/packages/lib/amd64:/usr/lib/x86_64-linux-gnu/jni:/lib/x86_64-linux-gnu:/usr/lib/x86_64-linux-gnu:/usr/lib/jni:/lib:/usr/lib, java.specification.name=Java Platform API Specification, java.class.version=52.0, org.gradle.native=false, sun.management.compiler=HotSpot 64-Bit Tiered Compilers, os.version=5.0.0-37-generic, user.home=/home/sol-020, user.timezone=Europe/London, java.awt.printerjob=sun.print.PSPrinterJob, file.encoding=UTF-8, java.specification.version=1.8, java.class.path=/home/sol-020/Documents/Journal/Journal/build/classes/java/test:/home/sol-020/Documents/Journal/Journal/build/resources/test:/home/sol-020/Documents/Journal/Journal/build/classes/java/main:/home/sol-020/Documents/Journal/Journal/build/resources/main:/home/sol-020/.gradle/caches/modules-2/files-2.1/org.springframework.boot/spring-boot-starter-data-jpa/2.0.3.RELEASE/56c909f49b5385793942158e143187ecc8c7b54a/spring-boot-starter-data-jpa-2.0.3.RELEASE.jar:/home/sol-020/.gradle/caches/modules-2/files-2.1/org.springframework.boot/spring-boot-starter-web/2.0.3.RELEASE/41fd4180bea3813de8f3c602b5a126218360315b/spring-boot-starter-web-2.0.3.RELEASE.jar:/home/sol-020/.gradle/caches/modules-2/files-2.1/org.liquibase/liquibase-core/3.5.3/f346404c3876c5bd0e07a7e10b7565bdcd35dbab/liquibase-core-3.5.3.jar:/home/sol-020/.gradle/caches/modules-2/files-2.1/org.postgresql/postgresql/42.2.2/7ebd60d15eec1f9e796d68212121d92e3dd566b2/postgresql-42.2.2.jar:/home/sol-020/.gradle/caches/modules-2/files-2.1/info.cukes/cucumber-spring/1.2.5/2b96b04759ce9719d20ea74aab59e06e6db5274b/cucumber-spring-1.2.5.jar:/home/sol-020/.gradle/caches/modules-2/files-2.1/info.cukes/cucumber-java/1.2.5/2197dfa9cd7899ddce136a356994ac21f438f80/cucumber-java-1.2.5.jar:/home/sol-020/.gradle/caches/modules-2/files-2.1/org.springframework.boot/spring-boot-starter-jdbc/2.0.3.RELEASE/4f5f3411692a0f5efb60f7f583bdfcf49199a3d4/spring-boot-starter-jdbc-2.0.3.RELEASE.jar:/home/sol-020/.gradle/caches/modules-2/files-2.1/org.springframework.boot/spring-boot-starter-security/2.0.3.RELEASE/67de3ced1ebc68c7bbd9bc2ced390821fa682c2f/spring-boot-starter-security-2.0.3.RELEASE.jar:/home/sol-020/.gradle/caches/modules-2/files-2.1/org.springframework.boot/spring-boot-starter-test/2.0.3.RELEASE/1c624b1cc217bac010abce7a28df8169af4a7fa0/spring-boot-starter-test-2.0.3.RELEASE.jar:/home/sol-020/.gradle/caches/modules-2/files-2.1/info.cukes/cucumber-junit/1.2.5/7cedd85f2e6b4f2fa1091c921f509275c60e7500/cucumber-junit-1.2.5.jar:/home/sol-020/.gradle/caches/modules-2/files-2.1/junit/junit/4.12/2973d150c0dc1fefe998f834810d68f278ea58ec/junit-4.12.jar:/home/sol-020/.gradle/caches/modules-2/files-2.1/info.cukes/cucumber-core/1.2.5/7255a9d8e0c3b0f9e3cd80503c91c2b088b3d9b5/cucumber-core-1.2.5.jar:/home/sol-020/.gradle/caches/modules-2/files-2.1/com.h2database/h2/1.4.197/bb391050048ca8ae3e32451b5a3714ecd3596a46/h2-1.4.197.jar:/home/sol-020/.gradle/caches/modules-2/files-2.1/org.springframework.security/spring-security-test/5.0.6.RELEASE/ffdccf0dacbe2fed270c2a7ddf8cd8eafa44f8b6/spring-security-test-5.0.6.RELEASE.jar:/home/sol-020/.gradle/caches/modules-2/files-2.1/org.springframework.boot/spring-boot-starter-aop/2.0.3.RELEASE/a78c7bc25fd51b217f078421dc40d13ddc3b9f8f/spring-boot-starter-aop-2.0.3.RELEASE.jar:/home/sol-020/.gradle/caches/modules-2/files-2.1/org.springframework.boot/spring-boot-starter-json/2.0.3.RELEASE/2e389a8727588c549c28bb277f0f573f65554850/spring-boot-starter-json-2.0.3.RELEASE.jar:/home/sol-020/.gradle/caches/modules-2/files-2.1/org.springframework.boot/spring-boot-starter/2.0.3.RELEASE/ffaa050dbd36b0441645598f1a7ddaf67fd5e678/spring-boot-starter-2.0.3.RELEASE.jar:/home/sol-020/.gradle/caches/modules-2/files-2.1/org.hibernate/hibernate-core/5.2.17.Final/f2dc36470e7a2ffcf6106bb1625ecf5b54bb5f65/hibernate-core-5.2.17.Final.jar:/home/sol-020/.gradle/caches/modules-2/files-2.1/javax.transaction/javax.transaction-api/1.2/d81aff979d603edd90dcd8db2abc1f4ce6479e3e/javax.transaction-api-1.2.jar:/home/sol-020/.gradle/caches/modules-2/files-2.1/org.springframework.data/spring-data-jpa/2.0.8.RELEASE/8b874afd15da2b4d2d9b8431ad2be0c6829e41fe/spring-data-jpa-2.0.8.RELEASE.jar:/home/sol-020/.gradle/caches/modules-2/files-2.1/org.springframework/spring-aspects/5.0.7.RELEASE/afd3f7ecb9d7c2cb3160563f9f64b72223bb0265/spring-aspects-5.0.7.RELEASE.jar:/home/sol-020/.gradle/caches/modules-2/files-2.1/org.springframework.boot/spring-boot-starter-tomcat/2.0.3.RELEASE/25a51a75bfb997b7b95d6760178ee3303863ec4b/spring-boot-starter-tomcat-2.0.3.RELEASE.jar:/home/sol-020/.gradle/caches/modules-2/files-2.1/org.hibernate.validator/hibernate-validator/6.0.10.Final/4236051a8d209c00f85e70918d5e26d9f3e5201e/hibernate-validator-6.0.10.Final.jar:/home/sol-020/.gradle/caches/modules-2/files-2.1/org.springframework/spring-webmvc/5.0.7.RELEASE/751c871527ec7ff335ffc76f2e737e297c0a8d30/spring-webmvc-5.0.7.RELEASE.jar:/home/sol-020/.gradle/caches/modules-2/files-2.1/org.springframework.security/spring-security-web/5.0.6.RELEASE/f502d929ee62f5dce0fc942f5a22faa52eaaac34/spring-security-web-5.0.6.RELEASE.jar:/home/sol-020/.gradle/caches/modules-2/files-2.1/org.springframework/spring-web/5.0.7.RELEASE/2e04c6c2922fbfa06b5948be14a5782db168b6ec/spring-web-5.0.7.RELEASE.jar:/home/sol-020/.gradle/caches/modules-2/files-2.1/org.yaml/snakeyaml/1.19/2d998d3d674b172a588e54ab619854d073f555b5/snakeyaml-1.19.jar:/home/sol-020/.gradle/caches/modules-2/files-2.1/com.zaxxer/HikariCP/2.7.9/a83113d2c091d0d0f853dad3217bd7df3beb6ae3/HikariCP-2.7.9.jar:/home/sol-020/.gradle/caches/modules-2/files-2.1/org.springframework/spring-orm/5.0.7.RELEASE/4deed5f4a38d62f9dba7db8e010da8b49e322757/spring-orm-5.0.7.RELEASE.jar:/home/sol-020/.gradle/caches/modules-2/files-2.1/org.springframework/spring-jdbc/5.0.7.RELEASE/9c78c6b9a6c603f6589b480e165939cde7bab7f9/spring-jdbc-5.0.7.RELEASE.jar:/home/sol-020/.gradle/caches/modules-2/files-2.1/org.springframework.security/spring-security-config/5.0.6.RELEASE/60367d94d253c82781b7f9abf2294cd0295e1c1/spring-security-config-5.0.6.RELEASE.jar:/home/sol-020/.gradle/caches/modules-2/files-2.1/org.springframework.security/spring-security-core/5.0.6.RELEASE/11c0291cc9cda839b7feb52c519f4a35dc6e251b/spring-security-core-5.0.6.RELEASE.jar:/home/sol-020/.gradle/caches/modules-2/files-2.1/org.springframework.boot/spring-boot-test-autoconfigure/2.0.3.RELEASE/54e7d2167f2b926bf16a0ef8b91b6bfbd43826e7/spring-boot-test-autoconfigure-2.0.3.RELEASE.jar:/home/sol-020/.gradle/caches/modules-2/files-2.1/org.springframework.boot/spring-boot-test/2.0.3.RELEASE/5c9b4bb6cfce9ef6e53a0ff5fc4a7ff2867871d8/spring-boot-test-2.0.3.RELEASE.jar:/home/sol-020/.gradle/caches/modules-2/files-2.1/org.springframework.boot/spring-boot-autoconfigure/2.0.3.RELEASE/11bc4cc96b08fabad2b3186755818fa0b32d83f/spring-boot-autoconfigure-2.0.3.RELEASE.jar:/home/sol-020/.gradle/caches/modules-2/files-2.1/org.springframework.boot/spring-boot/2.0.3.RELEASE/b874870d915adbc3dd932e19077d3d45c8e54aa0/spring-boot-2.0.3.RELEASE.jar:/home/sol-020/.gradle/caches/modules-2/files-2.1/org.springframework/spring-context/5.0.7.RELEASE/243a23f8968de8754d8199d669780d683ab177bd/spring-context-5.0.7.RELEASE.jar:/home/sol-020/.gradle/caches/modules-2/files-2.1/org.springframework/spring-aop/5.0.7.RELEASE/fdd0b6aa3c9c7a188c3bfbf6dfd8d40e843be9ef/spring-aop-5.0.7.RELEASE.jar:/home/sol-020/.gradle/caches/modules-2/files-2.1/com.jayway.jsonpath/json-path/2.4.0/765a4401ceb2dc8d40553c2075eb80a8fa35c2ae/json-path-2.4.0.jar:/home/sol-020/.gradle/caches/modules-2/files-2.1/org.assertj/assertj-core/3.9.1/c5ce126b15f28d56cd8f960c1a6a058b9c9aea87/assertj-core-3.9.1.jar:/home/sol-020/.gradle/caches/modules-2/files-2.1/org.mockito/mockito-core/2.15.0/b84bfbbc29cd22c9529409627af6ea2897f4fa85/mockito-core-2.15.0.jar:/home/sol-020/.gradle/caches/modules-2/files-2.1/org.hamcrest/hamcrest-library/1.3/4785a3c21320980282f9f33d0d1264a69040538f/hamcrest-library-1.3.jar:/home/sol-020/.gradle/caches/modules-2/files-2.1/org.hamcrest/hamcrest-core/1.3/42a25dc3219429f0e5d060061f71acb49bf010a0/hamcrest-core-1.3.jar:/home/sol-020/.gradle/caches/modules-2/files-2.1/org.skyscreamer/jsonassert/1.5.0/6c9d5fe2f59da598d9aefc1cfc6528ff3cf32df3/jsonassert-1.5.0.jar:/home/sol-020/.gradle/caches/modules-2/files-2.1/org.springframework/spring-test/5.0.7.RELEASE/bcb7505a316ea34b7e9a7ae5d4921be5b475c02d/spring-test-5.0.7.RELEASE.jar:/home/sol-020/.gradle/caches/modules-2/files-2.1/org.springframework.data/spring-data-commons/2.0.8.RELEASE/5c19af63b5acb0eab39066684e813d5ecd9d03b7/spring-data-commons-2.0.8.RELEASE.jar:/home/sol-020/.gradle/caches/modules-2/files-2.1/org.springframework/spring-tx/5.0.7.RELEASE/4ca59b21c61162adb146ad1b40c30b60d8dc42b8/spring-tx-5.0.7.RELEASE.jar:/home/sol-020/.gradle/caches/modules-2/files-2.1/org.springframework/spring-beans/5.0.7.RELEASE/c1196cb3e56da83e3c3a02ef323699f4b05feedc/spring-beans-5.0.7.RELEASE.jar:/home/sol-020/.gradle/caches/modules-2/files-2.1/org.springframework/spring-expression/5.0.7.RELEASE/ca01fb473f53dd0ee3c85663b26d5dc325602057/spring-expression-5.0.7.RELEASE.jar:/home/sol-020/.gradle/caches/modules-2/files-2.1/org.springframework/spring-core/5.0.7.RELEASE/54b731178d81e66eca9623df772ff32718208137/spring-core-5.0.7.RELEASE.jar:/home/sol-020/.gradle/caches/modules-2/files-2.1/org.xmlunit/xmlunit-core/2.5.1/4ffdb346572a7356f7521cd3119ce5287d2e339d/xmlunit-core-2.5.1.jar:/home/sol-020/.gradle/caches/modules-2/files-2.1/info.cukes/cucumber-html/0.2.3/624a0c986088e32910336dd77aee5191c04a8201/cucumber-html-0.2.3.jar:/home/sol-020/.gradle/caches/modules-2/files-2.1/info.cukes/cucumber-jvm-deps/1.0.5/69ed0efe4b81f05da3c0bdc7281cbdc43f5ceb26/cucumber-jvm-deps-1.0.5.jar:/home/sol-020/.gradle/caches/modules-2/files-2.1/info.cukes/gherkin/2.12.2/17138631fa20fd0e44a13e50d6b7be59cee1a94/gherkin-2.12.2.jar:/home/sol-020/.gradle/caches/modules-2/files-2.1/org.springframework.boot/spring-boot-starter-logging/2.0.3.RELEASE/7caad34f01d2688919e15e09a90467963e3d5190/spring-boot-starter-logging-2.0.3.RELEASE.jar:/home/sol-020/.gradle/caches/modules-2/files-2.1/javax.annotation/javax.annotation-api/1.3.2/934c04d3cfef185a8008e7bf34331b79730a9d43/javax.annotation-api-1.3.2.jar:/home/sol-020/.gradle/caches/modules-2/files-2.1/org.aspectj/aspectjweaver/1.8.13/ad94df2a28d658a40dc27bbaff6a1ce5fbf04e9b/aspectjweaver-1.8.13.jar:/home/sol-020/.gradle/caches/modules-2/files-2.1/org.hibernate.common/hibernate-commons-annotations/5.0.1.Final/71e1cff3fcb20d3b3af4f3363c3ddb24d33c6879/hibernate-commons-annotations-5.0.1.Final.jar:/home/sol-020/.gradle/caches/modules-2/files-2.1/org.jboss.logging/jboss-logging/3.3.2.Final/3789d00e859632e6c6206adc0c71625559e6e3b0/jboss-logging-3.3.2.Final.jar:/home/sol-020/.gradle/caches/modules-2/files-2.1/org.hibernate.javax.persistence/hibernate-jpa-2.1-api/1.0.2.Final/52afb5762c704a6b586e27742470c08f91877fc1/hibernate-jpa-2.1-api-1.0.2.Final.jar:/home/sol-020/.gradle/caches/modules-2/files-2.1/org.javassist/javassist/3.22.0-GA/3e83394258ae2089be7219b971ec21a8288528ad/javassist-3.22.0-GA.jar:/home/sol-020/.gradle/caches/modules-2/files-2.1/antlr/antlr/2.7.7/83cd2cd674a217ade95a4bb83a8a14f351f48bd0/antlr-2.7.7.jar:/home/sol-020/.gradle/caches/modules-2/files-2.1/org.jboss/jandex/2.0.3.Final/bfc4d6257dbff7a33a357f0de116be6ff951d849/jandex-2.0.3.Final.jar:/home/sol-020/.gradle/caches/modules-2/files-2.1/com.fasterxml/classmate/1.3.4/3d5f48f10bbe4eb7bd862f10c0583be2e0053c6/classmate-1.3.4.jar:/home/sol-020/.gradle/caches/modules-2/files-2.1/dom4j/dom4j/1.6.1/5d3ccc056b6f056dbf0dddfdf43894b9065a8f94/dom4j-1.6.1.jar:/home/sol-020/.gradle/caches/modules-2/files-2.1/ch.qos.logback/logback-classic/1.2.3/7c4f3c474fb2c041d8028740440937705ebb473a/logback-classic-1.2.3.jar:/home/sol-020/.gradle/caches/modules-2/files-2.1/org.apache.logging.log4j/log4j-to-slf4j/2.10.0/f7e631ccf49cfc0aefa4a2a728da7d374c05bd3c/log4j-to-slf4j-2.10.0.jar:/home/sol-020/.gradle/caches/modules-2/files-2.1/org.slf4j/jul-to-slf4j/1.7.25/af5364cd6679bfffb114f0dec8a157aaa283b76/jul-to-slf4j-1.7.25.jar:/home/sol-020/.gradle/caches/modules-2/files-2.1/org.slf4j/slf4j-api/1.7.25/da76ca59f6a57ee3102f8f9bd9cee742973efa8a/slf4j-api-1.7.25.jar:/home/sol-020/.gradle/caches/modules-2/files-2.1/com.fasterxml.jackson.datatype/jackson-datatype-jdk8/2.9.6/456895fc91bf7180b216fead220373e6278230c9/jackson-datatype-jdk8-2.9.6.jar:/home/sol-020/.gradle/caches/modules-2/files-2.1/com.fasterxml.jackson.datatype/jackson-datatype-jsr310/2.9.6/ea54f6193d224e5e5732bbd4262327eb465397c2/jackson-datatype-jsr310-2.9.6.jar:/home/sol-020/.gradle/caches/modules-2/files-2.1/com.fasterxml.jackson.module/jackson-module-parameter-names/2.9.6/129acd77a4b6ee30d62d3a0899b1344c8ec2bff8/jackson-module-parameter-names-2.9.6.jar:/home/sol-020/.gradle/caches/modules-2/files-2.1/com.fasterxml.jackson.core/jackson-databind/2.9.6/cfa4f316351a91bfd95cb0644c6a2c95f52db1fc/jackson-databind-2.9.6.jar:/home/sol-020/.gradle/caches/modules-2/files-2.1/org.apache.tomcat.embed/tomcat-embed-websocket/8.5.31/6564e716b89de5eaa0dd234ae7989576503ddf3/tomcat-embed-websocket-8.5.31.jar:/home/sol-020/.gradle/caches/modules-2/files-2.1/org.apache.tomcat.embed/tomcat-embed-core/8.5.31/f5adf7ed8c34aa005b22b6a2dc7b6796e10e9c79/tomcat-embed-core-8.5.31.jar:/home/sol-020/.gradle/caches/modules-2/files-2.1/org.apache.tomcat.embed/tomcat-embed-el/8.5.31/3a536e1ac71b82627c3a7408eb38fa0704cb9034/tomcat-embed-el-8.5.31.jar:/home/sol-020/.gradle/caches/modules-2/files-2.1/javax.validation/validation-api/2.0.1.Final/cb855558e6271b1b32e716d24cb85c7f583ce09e/validation-api-2.0.1.Final.jar:/home/sol-020/.gradle/caches/modules-2/files-2.1/net.minidev/json-smart/2.3/7396407491352ce4fa30de92efb158adb76b5b/json-smart-2.3.jar:/home/sol-020/.gradle/caches/modules-2/files-2.1/net.bytebuddy/byte-buddy/1.7.11/f02857a4e2c66ccbe7aaad6100a0a6c461bce9b3/byte-buddy-1.7.11.jar:/home/sol-020/.gradle/caches/modules-2/files-2.1/net.bytebuddy/byte-buddy-agent/1.7.11/b425a8933ca07edd03c6dbc8bc3b595fba9780de/byte-buddy-agent-1.7.11.jar:/home/sol-020/.gradle/caches/modules-2/files-2.1/org.objenesis/objenesis/2.6/639033469776fd37c08358c6b92a4761feb2af4b/objenesis-2.6.jar:/home/sol-020/.gradle/caches/modules-2/files-2.1/com.vaadin.external.google/android-json/0.0.20131108.vaadin1/fa26d351fe62a6a17f5cda1287c1c6110dec413f/android-json-0.0.20131108.vaadin1.jar:/home/sol-020/.gradle/caches/modules-2/files-2.1/org.springframework/spring-jcl/5.0.7.RELEASE/699016ddf454c2c167d9f84ae5777eccadf54728/spring-jcl-5.0.7.RELEASE.jar:/home/sol-020/.gradle/caches/modules-2/files-2.1/com.fasterxml.jackson.core/jackson-annotations/2.9.0/7c10d545325e3a6e72e06381afe469fd40eb701/jackson-annotations-2.9.0.jar:/home/sol-020/.gradle/caches/modules-2/files-2.1/com.fasterxml.jackson.core/jackson-core/2.9.6/4e393793c37c77e042ccc7be5a914ae39251b365/jackson-core-2.9.6.jar:/home/sol-020/.gradle/caches/modules-2/files-2.1/net.minidev/accessors-smart/1.2/c592b500269bfde36096641b01238a8350f8aa31/accessors-smart-1.2.jar:/home/sol-020/.gradle/caches/modules-2/files-2.1/ch.qos.logback/logback-core/1.2.3/864344400c3d4d92dfeb0a305dc87d953677c03c/logback-core-1.2.3.jar:/home/sol-020/.gradle/caches/modules-2/files-2.1/org.apache.logging.log4j/log4j-api/2.10.0/fec5797a55b786184a537abd39c3fa1449d752d6/log4j-api-2.10.0.jar:/home/sol-020/.gradle/caches/modules-2/files-2.1/org.ow2.asm/asm/5.0.4/da08b8cce7bbf903602a25a3a163ae252435795/asm-5.0.4.jar, user.name=sol-020, java.vm.specification.version=1.8, sun.java.command=worker.org.gradle.process.internal.worker.GradleWorkerMain 'Gradle Test Executor 4', java.home=/usr/lib/jvm/java-8-openjdk-amd64/jre, sun.arch.data.model=64, user.language=en, java.specification.vendor=Oracle Corporation, awt.toolkit=sun.awt.X11.XToolkit, java.vm.info=mixed mode, java.version=1.8.0_232, java.ext.dirs=/usr/lib/jvm/java-8-openjdk-amd64/jre/lib/ext:/usr/java/packages/lib/ext, sun.boot.class.path=/usr/lib/jvm/java-8-openjdk-amd64/jre/lib/resources.jar:/usr/lib/jvm/java-8-openjdk-amd64/jre/lib/rt.jar:/usr/lib/jvm/java-8-openjdk-amd64/jre/lib/sunrsasign.jar:/usr/lib/jvm/java-8-openjdk-amd64/jre/lib/jsse.jar:/usr/lib/jvm/java-8-openjdk-amd64/jre/lib/jce.jar:/usr/lib/jvm/java-8-openjdk-amd64/jre/lib/charsets.jar:/usr/lib/jvm/java-8-openjdk-amd64/jre/lib/jfr.jar:/usr/lib/jvm/java-8-openjdk-amd64/jre/classes, java.vendor=Private Build, org.gradle.test.worker=4, file.separator=/, java.vendor.url.bug=http://bugreport.sun.com/bugreport/, sun.io.unicode.encoding=UnicodeLittle, sun.cpu.endian=little, sun.desktop=gnome, sun.cpu.isalist=}}, SystemEnvironmentPropertySource@648314555 {name='systemEnvironment', properties={PATH=/usr/local/sbin:/usr/local/bin:/usr/sbin:/usr/bin:/sbin:/bin:/usr/games:/usr/local/games:/snap/bin, XAUTHORITY=/run/user/1000/gdm/Xauthority, XMODIFIERS=@im=ibus, XDG_DATA_DIRS=/usr/share/ubuntu:/usr/local/share:/usr/share:/var/lib/snapd/desktop, GDMSESSION=ubuntu, SNAP_COMMON=/var/snap/intellij-idea-community/common, TEXTDOMAINDIR=/usr/share/locale/, SNAP_INSTANCE_KEY=, GTK_IM_MODULE=ibus, SNAP_USER_COMMON=/home/sol-020/snap/intellij-idea-community/common, DBUS_SESSION_BUS_ADDRESS=unix:path=/run/user/1000/bus, SNAP_REVISION=197, XDG_CURRENT_DESKTOP=ubuntu:GNOME, SSH_AGENT_PID=1905, QT4_IM_MODULE=xim, SESSION_MANAGER=local/sol020-Inspiron-5570:@/tmp/.ICE-unix/1810,unix/sol020-Inspiron-5570:/tmp/.ICE-unix/1810, USERNAME=sol-020, LOGNAME=sol-020, PWD=/home/sol-020, IM_CONFIG_PHASE=2, S_COLORS=auto, LANGUAGE=en_GB:en, GJS_DEBUG_TOPICS=JS ERROR;JS LOG, SHELL=/bin/bash, GIO_LAUNCHED_DESKTOP_FILE=/var/lib/snapd/desktop/applications/intellij-idea-community_intellij-idea-community.desktop, OLDPWD=/snap/intellij-idea-community/197/bin, BAMF_DESKTOP_FILE_HINT=/var/lib/snapd/desktop/applications/intellij-idea-community_intellij-idea-community.desktop, GNOME_DESKTOP_SESSION_ID=this-is-deprecated, GTK_MODULES=gail:atk-bridge, CLUTTER_IM_MODULE=xim, TEXTDOMAIN=im-config, SNAP_ARCH=amd64, XDG_SESSION_DESKTOP=ubuntu, SNAP_LIBRARY_PATH=/var/lib/snapd/lib/gl:/var/lib/snapd/lib/gl32:/var/lib/snapd/void, SHLVL=0, SNAP_NAME=intellij-idea-community, QT_IM_MODULE=xim, XDG_CONFIG_DIRS=/etc/xdg/xdg-ubuntu:/etc/xdg, LANG=en_GB.UTF-8, SNAP_INSTANCE_NAME=intellij-idea-community, XDG_SESSION_ID=2, XDG_SESSION_TYPE=x11, SNAP_USER_DATA=/home/sol-020/snap/intellij-idea-community/197, DISPLAY=:0, SNAP_REEXEC=, SNAP_VERSION=2019.3.1, SNAP_DATA=/var/snap/intellij-idea-community/197, GPG_AGENT_INFO=/run/user/1000/gnupg/S.gpg-agent:0:1, DESKTOP_SESSION=ubuntu, SNAP=/snap/intellij-idea-community/197, USER=sol-020, XDG_MENU_PREFIX=gnome-, GIO_LAUNCHED_DESKTOP_FILE_PID=4449, QT_ACCESSIBILITY=1, WINDOWPATH=2, GJS_DEBUG_OUTPUT=stderr, SSH_AUTH_SOCK=/run/user/1000/keyring/ssh, XDG_SEAT=seat0, GNOME_SHELL_SESSION_MODE=ubuntu, SNAP_CONTEXT=SN29xSSRgFrdYrWcpLQ6xD3Kwm6vJgsnXD6FgWGjqpkC, XDG_VTNR=2, XDG_RUNTIME_DIR=/run/user/1000/snap.intellij-idea-community, SNAP_COOKIE=SN29xSSRgFrdYrWcpLQ6xD3Kwm6vJgsnXD6FgWGjqpkC, HOME=/home/sol-020}}]
11:11:54.853 [Test worker] DEBUG org.springframework.test.context.support.TestPropertySourceUtils - Adding inlined properties to environment: {spring.jmx.enabled=false, org.springframework.boot.test.context.SpringBootTestContextBootstrapper=true, server.port=-1}
11:11:54.853 [Test worker] DEBUG org.springframework.core.env.StandardEnvironment - Adding PropertySource 'Inlined Test Properties' with highest search precedence

  .   ____          _            __ _ _
 /\\ / ___'_ __ _ _(_)_ __  __ _ \ \ \ \
( ( )\___ | '_ | '_| | '_ \/ _` | \ \ \ \
 \\/  ___)| |_)| | | | | || (_| |  ) ) ) )
  '  |____| .__|_| |_|_| |_\__, | / / / /
 =========|_|==============|___/=/_/_/_/
 :: Spring Boot ::        (v2.0.3.RELEASE)

2020-01-14 11:11:55.547  INFO 6163 --- [    Test worker] c.e.J.c.FrameworkControllerTest          : Starting FrameworkControllerTest on sol020-Inspiron-5570 with PID 6163 (started by sol-020 in /home/sol-020/Documents/Journal/Journal)
2020-01-14 11:11:55.549  INFO 6163 --- [    Test worker] c.e.J.c.FrameworkControllerTest          : No active profile set, falling back to default profiles: default
2020-01-14 11:11:55.571  INFO 6163 --- [    Test worker] o.s.w.c.s.GenericWebApplicationContext   : Refreshing org.springframework.web.context.support.GenericWebApplicationContext@335d8faa: startup date [Tue Jan 14 11:11:55 GMT 2020]; root of context hierarchy
2020-01-14 11:11:56.715  INFO 6163 --- [    Test worker] trationDelegate$BeanPostProcessorChecker : Bean 'org.springframework.transaction.annotation.ProxyTransactionManagementConfiguration' of type [org.springframework.transaction.annotation.ProxyTransactionManagementConfiguration$$EnhancerBySpringCGLIB$$7aa11b4a] is not eligible for getting processed by all BeanPostProcessors (for example: not eligible for auto-proxying)
2020-01-14 11:11:56.956  INFO 6163 --- [    Test worker] com.zaxxer.hikari.HikariDataSource       : HikariPool-1 - Starting...
2020-01-14 11:11:57.028  INFO 6163 --- [    Test worker] com.zaxxer.hikari.HikariDataSource       : HikariPool-1 - Start completed.
2020-01-14 11:11:57.115  INFO 6163 --- [    Test worker] liquibase                                : Successfully acquired change log lock
2020-01-14 11:11:57.643  INFO 6163 --- [    Test worker] liquibase                                : Reading from public.databasechangelog
2020-01-14 11:11:57.651  INFO 6163 --- [    Test worker] liquibase                                : Successfully released change log lock
2020-01-14 11:11:57.766  INFO 6163 --- [    Test worker] j.LocalContainerEntityManagerFactoryBean : Building JPA container EntityManagerFactory for persistence unit 'default'
2020-01-14 11:11:57.782  INFO 6163 --- [    Test worker] o.hibernate.jpa.internal.util.LogHelper  : HHH000204: Processing PersistenceUnitInfo [
	name: default
	...]
2020-01-14 11:11:57.841  INFO 6163 --- [    Test worker] org.hibernate.Version                    : HHH000412: Hibernate Core {5.2.17.Final}
2020-01-14 11:11:57.842  INFO 6163 --- [    Test worker] org.hibernate.cfg.Environment            : HHH000206: hibernate.properties not found
2020-01-14 11:11:57.879  INFO 6163 --- [    Test worker] o.hibernate.annotations.common.Version   : HCANN000001: Hibernate Commons Annotations {5.0.1.Final}
2020-01-14 11:11:58.000  INFO 6163 --- [    Test worker] org.hibernate.dialect.Dialect            : HHH000400: Using dialect: org.hibernate.dialect.PostgreSQL94Dialect
2020-01-14 11:11:58.016  INFO 6163 --- [    Test worker] o.h.e.j.e.i.LobCreatorBuilderImpl        : HHH000422: Disabling contextual LOB creation as connection was null
2020-01-14 11:11:58.018  INFO 6163 --- [    Test worker] org.hibernate.type.BasicTypeRegistry     : HHH000270: Type registration [java.util.UUID] overrides previous : org.hibernate.type.UUIDBinaryType@77b43037
2020-01-14 11:11:58.348  INFO 6163 --- [    Test worker] j.LocalContainerEntityManagerFactoryBean : Initialized JPA EntityManagerFactory for persistence unit 'default'
2020-01-14 11:11:58.794  INFO 6163 --- [    Test worker] .s.s.UserDetailsServiceAutoConfiguration : 

Using generated security password: 42f77ee6-ed44-4758-bda1-7cc773a9ff80

2020-01-14 11:11:58.904  INFO 6163 --- [    Test worker] o.s.s.web.DefaultSecurityFilterChain     : Creating filter chain: org.springframework.security.web.util.matcher.AnyRequestMatcher@1, [org.springframework.security.web.context.request.async.WebAsyncManagerIntegrationFilter@6f0ab76c, org.springframework.security.web.context.SecurityContextPersistenceFilter@6e1a914c, org.springframework.security.web.header.HeaderWriterFilter@636d8bc, org.springframework.security.web.authentication.logout.LogoutFilter@4041700b, org.springframework.security.web.savedrequest.RequestCacheAwareFilter@67ad77f5, org.springframework.security.web.servletapi.SecurityContextHolderAwareRequestFilter@4c307e6b, org.springframework.security.web.authentication.AnonymousAuthenticationFilter@1178fcca, org.springframework.security.web.session.SessionManagementFilter@5cbc4603, org.springframework.security.web.access.ExceptionTranslationFilter@51a0dfbd]
2020-01-14 11:11:59.178  INFO 6163 --- [    Test worker] o.s.w.s.handler.SimpleUrlHandlerMapping  : Mapped URL path [/**/favicon.ico] onto handler of type [class org.springframework.web.servlet.resource.ResourceHttpRequestHandler]
2020-01-14 11:11:59.526  INFO 6163 --- [    Test worker] s.w.s.m.m.a.RequestMappingHandlerAdapter : Looking for @ControllerAdvice: org.springframework.web.context.support.GenericWebApplicationContext@335d8faa: startup date [Tue Jan 14 11:11:55 GMT 2020]; root of context hierarchy
2020-01-14 11:11:59.563  WARN 6163 --- [    Test worker] aWebConfiguration$JpaWebMvcConfiguration : spring.jpa.open-in-view is enabled by default. Therefore, database queries may be performed during view rendering. Explicitly configure spring.jpa.open-in-view to disable this warning
2020-01-14 11:11:59.598  INFO 6163 --- [    Test worker] s.w.s.m.m.a.RequestMappingHandlerMapping : Mapped "{[/frameworks],methods=[POST]}" onto public org.springframework.http.ResponseEntity<com.example.Journal.DAO.FrameworkDao> com.example.Journal.controller.FrameworkController.createFramework(com.example.Journal.DAO.FrameworkDao) throws com.example.Journal.errors.MyException
2020-01-14 11:11:59.600  INFO 6163 --- [    Test worker] s.w.s.m.m.a.RequestMappingHandlerMapping : Mapped "{[/frameworks/{frameworkId}],methods=[PUT]}" onto public void com.example.Journal.controller.FrameworkController.updateFramework(java.lang.Integer,com.example.Journal.DAO.FrameworkDao) throws com.example.Journal.errors.MyException
2020-01-14 11:11:59.600  INFO 6163 --- [    Test worker] s.w.s.m.m.a.RequestMappingHandlerMapping : Mapped "{[/frameworks],methods=[GET]}" onto public java.util.List<com.example.Journal.models.Framework> com.example.Journal.controller.FrameworkController.getFrameworks()
2020-01-14 11:11:59.601  INFO 6163 --- [    Test worker] s.w.s.m.m.a.RequestMappingHandlerMapping : Mapped "{[/frameworks/{frameworkId}],methods=[DELETE]}" onto public void com.example.Journal.controller.FrameworkController.deleteFramework(java.lang.Integer)
2020-01-14 11:11:59.601  INFO 6163 --- [    Test worker] s.w.s.m.m.a.RequestMappingHandlerMapping : Mapped "{[/frameworks/{frameworkId}],methods=[GET]}" onto public java.util.Optional<com.example.Journal.models.Framework> com.example.Journal.controller.FrameworkController.getFrameworkById(java.lang.Integer)
2020-01-14 11:11:59.603  INFO 6163 --- [    Test worker] s.w.s.m.m.a.RequestMappingHandlerMapping : Mapped "{[/languages],methods=[POST]}" onto public org.springframework.http.ResponseEntity<com.example.Journal.DAO.LanguageDao> com.example.Journal.controller.LanguageController.createLanguage(com.example.Journal.DAO.LanguageDao) throws com.example.Journal.errors.MyException
2020-01-14 11:11:59.604  INFO 6163 --- [    Test worker] s.w.s.m.m.a.RequestMappingHandlerMapping : Mapped "{[/languages/{languageId}],methods=[DELETE]}" onto public void com.example.Journal.controller.LanguageController.deleteLanguage(java.lang.Integer)
2020-01-14 11:11:59.604  INFO 6163 --- [    Test worker] s.w.s.m.m.a.RequestMappingHandlerMapping : Mapped "{[/languages/{languageId}],methods=[GET]}" onto public java.util.Optional<com.example.Journal.models.Language> com.example.Journal.controller.LanguageController.getLanguageById(java.lang.Integer)
2020-01-14 11:11:59.604  INFO 6163 --- [    Test worker] s.w.s.m.m.a.RequestMappingHandlerMapping : Mapped "{[/languages/{languageId}],methods=[PUT]}" onto public void com.example.Journal.controller.LanguageController.updateLanguage(java.lang.Integer,com.example.Journal.DAO.LanguageDao) throws com.example.Journal.errors.MyException
2020-01-14 11:11:59.605  INFO 6163 --- [    Test worker] s.w.s.m.m.a.RequestMappingHandlerMapping : Mapped "{[/languages],methods=[GET]}" onto public java.util.List<com.example.Journal.models.Language> com.example.Journal.controller.LanguageController.getLanguages()
2020-01-14 11:11:59.607  INFO 6163 --- [    Test worker] s.w.s.m.m.a.RequestMappingHandlerMapping : Mapped "{[/resources/{resourceId}],methods=[DELETE]}" onto public void com.example.Journal.controller.ResourceController.deleteResource(java.lang.Integer)
2020-01-14 11:11:59.607  INFO 6163 --- [    Test worker] s.w.s.m.m.a.RequestMappingHandlerMapping : Mapped "{[/resources],methods=[POST]}" onto public org.springframework.http.ResponseEntity<com.example.Journal.DAO.ResourceDao> com.example.Journal.controller.ResourceController.createResource(com.example.Journal.DAO.ResourceDao) throws com.example.Journal.errors.MyException
2020-01-14 11:11:59.607  INFO 6163 --- [    Test worker] s.w.s.m.m.a.RequestMappingHandlerMapping : Mapped "{[/resources/{resourceId}],methods=[GET]}" onto public java.util.Optional<com.example.Journal.models.Resource> com.example.Journal.controller.ResourceController.getResourceById(java.lang.Integer)
2020-01-14 11:11:59.608  INFO 6163 --- [    Test worker] s.w.s.m.m.a.RequestMappingHandlerMapping : Mapped "{[/resources/{resourceId}],methods=[PUT]}" onto public void com.example.Journal.controller.ResourceController.updateResource(java.lang.Integer,com.example.Journal.DAO.ResourceDao) throws com.example.Journal.errors.MyException
2020-01-14 11:11:59.608  INFO 6163 --- [    Test worker] s.w.s.m.m.a.RequestMappingHandlerMapping : Mapped "{[/resources],methods=[GET]}" onto public java.util.List<com.example.Journal.models.Resource> com.example.Journal.controller.ResourceController.getResources()
2020-01-14 11:11:59.610  INFO 6163 --- [    Test worker] s.w.s.m.m.a.RequestMappingHandlerMapping : Mapped "{[/error],produces=[text/html]}" onto public org.springframework.web.servlet.ModelAndView org.springframework.boot.autoconfigure.web.servlet.error.BasicErrorController.errorHtml(javax.servlet.http.HttpServletRequest,javax.servlet.http.HttpServletResponse)
2020-01-14 11:11:59.611  INFO 6163 --- [    Test worker] s.w.s.m.m.a.RequestMappingHandlerMapping : Mapped "{[/error]}" onto public org.springframework.http.ResponseEntity<java.util.Map<java.lang.String, java.lang.Object>> org.springframework.boot.autoconfigure.web.servlet.error.BasicErrorController.error(javax.servlet.http.HttpServletRequest)
2020-01-14 11:11:59.632  INFO 6163 --- [    Test worker] o.s.w.s.handler.SimpleUrlHandlerMapping  : Mapped URL path [/webjars/**] onto handler of type [class org.springframework.web.servlet.resource.ResourceHttpRequestHandler]
2020-01-14 11:11:59.632  INFO 6163 --- [    Test worker] o.s.w.s.handler.SimpleUrlHandlerMapping  : Mapped URL path [/**] onto handler of type [class org.springframework.web.servlet.resource.ResourceHttpRequestHandler]
2020-01-14 11:11:59.644  INFO 6163 --- [    Test worker] .m.m.a.ExceptionHandlerExceptionResolver : Detected @ExceptionHandler methods in exceptionHandlingController
2020-01-14 11:11:59.670  INFO 6163 --- [    Test worker] o.s.b.a.w.s.WelcomePageHandlerMapping    : Adding welcome page: class path resource [static/index.html]
2020-01-14 11:11:59.926  INFO 6163 --- [    Test worker] o.s.b.t.m.w.SpringBootMockServletContext : Initializing Spring FrameworkServlet ''
2020-01-14 11:11:59.927  INFO 6163 --- [    Test worker] o.s.t.web.servlet.TestDispatcherServlet  : FrameworkServlet '': initialization started
2020-01-14 11:11:59.943  INFO 6163 --- [    Test worker] o.s.t.web.servlet.TestDispatcherServlet  : FrameworkServlet '': initialization completed in 16 ms
2020-01-14 11:11:59.985  INFO 6163 --- [    Test worker] c.e.J.c.FrameworkControllerTest          : Started FrameworkControllerTest in 5.125 seconds (JVM running for 6.007)
2020-01-14 11:12:00.338  INFO 6163 --- [    Test worker] s.w.s.m.m.a.RequestMappingHandlerMapping : Mapped "{[/frameworks],methods=[POST]}" onto public org.springframework.http.ResponseEntity<com.example.Journal.DAO.FrameworkDao> com.example.Journal.controller.FrameworkController.createFramework(com.example.Journal.DAO.FrameworkDao) throws com.example.Journal.errors.MyException
2020-01-14 11:12:00.339  INFO 6163 --- [    Test worker] s.w.s.m.m.a.RequestMappingHandlerMapping : Mapped "{[/frameworks/{frameworkId}],methods=[PUT]}" onto public void com.example.Journal.controller.FrameworkController.updateFramework(java.lang.Integer,com.example.Journal.DAO.FrameworkDao) throws com.example.Journal.errors.MyException
2020-01-14 11:12:00.340  INFO 6163 --- [    Test worker] s.w.s.m.m.a.RequestMappingHandlerMapping : Mapped "{[/frameworks],methods=[GET]}" onto public java.util.List<com.example.Journal.models.Framework> com.example.Journal.controller.FrameworkController.getFrameworks()
2020-01-14 11:12:00.341  INFO 6163 --- [    Test worker] s.w.s.m.m.a.RequestMappingHandlerMapping : Mapped "{[/frameworks/{frameworkId}],methods=[DELETE]}" onto public void com.example.Journal.controller.FrameworkController.deleteFramework(java.lang.Integer)
2020-01-14 11:12:00.341  INFO 6163 --- [    Test worker] s.w.s.m.m.a.RequestMappingHandlerMapping : Mapped "{[/frameworks/{frameworkId}],methods=[GET]}" onto public java.util.Optional<com.example.Journal.models.Framework> com.example.Journal.controller.FrameworkController.getFrameworkById(java.lang.Integer)
2020-01-14 11:12:00.349  INFO 6163 --- [    Test worker] s.w.s.m.m.a.RequestMappingHandlerAdapter : Looking for @ControllerAdvice: org.springframework.test.web.servlet.setup.StubWebApplicationContext@36f75aab
2020-01-14 11:12:00.351  INFO 6163 --- [    Test worker] .m.m.a.ExceptionHandlerExceptionResolver : Detected @ExceptionHandler methods in com.example.Journal.errors.ExceptionHandlingController#1927bc9b
2020-01-14 11:12:00.351  INFO 6163 --- [    Test worker] o.s.mock.web.MockServletContext          : Initializing Spring FrameworkServlet ''
2020-01-14 11:12:00.352  INFO 6163 --- [    Test worker] o.s.t.web.servlet.TestDispatcherServlet  : FrameworkServlet '': initialization started
2020-01-14 11:12:00.352  INFO 6163 --- [    Test worker] o.s.t.web.servlet.TestDispatcherServlet  : FrameworkServlet '': initialization completed in 0 ms
2020-01-14 11:12:00.470  INFO 6163 --- [    Test worker] s.w.s.m.m.a.RequestMappingHandlerMapping : Mapped "{[/frameworks],methods=[POST]}" onto public org.springframework.http.ResponseEntity<com.example.Journal.DAO.FrameworkDao> com.example.Journal.controller.FrameworkController.createFramework(com.example.Journal.DAO.FrameworkDao) throws com.example.Journal.errors.MyException
2020-01-14 11:12:00.471  INFO 6163 --- [    Test worker] s.w.s.m.m.a.RequestMappingHandlerMapping : Mapped "{[/frameworks/{frameworkId}],methods=[PUT]}" onto public void com.example.Journal.controller.FrameworkController.updateFramework(java.lang.Integer,com.example.Journal.DAO.FrameworkDao) throws com.example.Journal.errors.MyException
2020-01-14 11:12:00.471  INFO 6163 --- [    Test worker] s.w.s.m.m.a.RequestMappingHandlerMapping : Mapped "{[/frameworks],methods=[GET]}" onto public java.util.List<com.example.Journal.models.Framework> com.example.Journal.controller.FrameworkController.getFrameworks()
2020-01-14 11:12:00.471  INFO 6163 --- [    Test worker] s.w.s.m.m.a.RequestMappingHandlerMapping : Mapped "{[/frameworks/{frameworkId}],methods=[DELETE]}" onto public void com.example.Journal.controller.FrameworkController.deleteFramework(java.lang.Integer)
2020-01-14 11:12:00.472  INFO 6163 --- [    Test worker] s.w.s.m.m.a.RequestMappingHandlerMapping : Mapped "{[/frameworks/{frameworkId}],methods=[GET]}" onto public java.util.Optional<com.example.Journal.models.Framework> com.example.Journal.controller.FrameworkController.getFrameworkById(java.lang.Integer)
2020-01-14 11:12:00.484  INFO 6163 --- [    Test worker] s.w.s.m.m.a.RequestMappingHandlerAdapter : Looking for @ControllerAdvice: org.springframework.test.web.servlet.setup.StubWebApplicationContext@7aa2e467
2020-01-14 11:12:00.488  INFO 6163 --- [    Test worker] .m.m.a.ExceptionHandlerExceptionResolver : Detected @ExceptionHandler methods in com.example.Journal.errors.ExceptionHandlingController#7db15a96
2020-01-14 11:12:00.488  INFO 6163 --- [    Test worker] o.s.mock.web.MockServletContext          : Initializing Spring FrameworkServlet ''
2020-01-14 11:12:00.488  INFO 6163 --- [    Test worker] o.s.t.web.servlet.TestDispatcherServlet  : FrameworkServlet '': initialization started
2020-01-14 11:12:00.489  INFO 6163 --- [    Test worker] o.s.t.web.servlet.TestDispatcherServlet  : FrameworkServlet '': initialization completed in 0 ms
2020-01-14 11:12:00.569  INFO 6163 --- [    Test worker] s.w.s.m.m.a.RequestMappingHandlerMapping : Mapped "{[/frameworks],methods=[POST]}" onto public org.springframework.http.ResponseEntity<com.example.Journal.DAO.FrameworkDao> com.example.Journal.controller.FrameworkController.createFramework(com.example.Journal.DAO.FrameworkDao) throws com.example.Journal.errors.MyException
2020-01-14 11:12:00.570  INFO 6163 --- [    Test worker] s.w.s.m.m.a.RequestMappingHandlerMapping : Mapped "{[/frameworks/{frameworkId}],methods=[PUT]}" onto public void com.example.Journal.controller.FrameworkController.updateFramework(java.lang.Integer,com.example.Journal.DAO.FrameworkDao) throws com.example.Journal.errors.MyException
2020-01-14 11:12:00.570  INFO 6163 --- [    Test worker] s.w.s.m.m.a.RequestMappingHandlerMapping : Mapped "{[/frameworks],methods=[GET]}" onto public java.util.List<com.example.Journal.models.Framework> com.example.Journal.controller.FrameworkController.getFrameworks()
2020-01-14 11:12:00.570  INFO 6163 --- [    Test worker] s.w.s.m.m.a.RequestMappingHandlerMapping : Mapped "{[/frameworks/{frameworkId}],methods=[DELETE]}" onto public void com.example.Journal.controller.FrameworkController.deleteFramework(java.lang.Integer)
2020-01-14 11:12:00.571  INFO 6163 --- [    Test worker] s.w.s.m.m.a.RequestMappingHandlerMapping : Mapped "{[/frameworks/{frameworkId}],methods=[GET]}" onto public java.util.Optional<com.example.Journal.models.Framework> com.example.Journal.controller.FrameworkController.getFrameworkById(java.lang.Integer)
2020-01-14 11:12:00.583  INFO 6163 --- [    Test worker] s.w.s.m.m.a.RequestMappingHandlerAdapter : Looking for @ControllerAdvice: org.springframework.test.web.servlet.setup.StubWebApplicationContext@4b7216ed
2020-01-14 11:12:00.586  INFO 6163 --- [    Test worker] .m.m.a.ExceptionHandlerExceptionResolver : Detected @ExceptionHandler methods in com.example.Journal.errors.ExceptionHandlingController#69de2d25
2020-01-14 11:12:00.587  INFO 6163 --- [    Test worker] o.s.mock.web.MockServletContext          : Initializing Spring FrameworkServlet ''
2020-01-14 11:12:00.587  INFO 6163 --- [    Test worker] o.s.t.web.servlet.TestDispatcherServlet  : FrameworkServlet '': initialization started
2020-01-14 11:12:00.587  INFO 6163 --- [    Test worker] o.s.t.web.servlet.TestDispatcherServlet  : FrameworkServlet '': initialization completed in 0 ms
2020-01-14 11:12:00.608  INFO 6163 --- [    Test worker] s.w.s.m.m.a.RequestMappingHandlerMapping : Mapped "{[/frameworks],methods=[POST]}" onto public org.springframework.http.ResponseEntity<com.example.Journal.DAO.FrameworkDao> com.example.Journal.controller.FrameworkController.createFramework(com.example.Journal.DAO.FrameworkDao) throws com.example.Journal.errors.MyException
2020-01-14 11:12:00.609  INFO 6163 --- [    Test worker] s.w.s.m.m.a.RequestMappingHandlerMapping : Mapped "{[/frameworks/{frameworkId}],methods=[PUT]}" onto public void com.example.Journal.controller.FrameworkController.updateFramework(java.lang.Integer,com.example.Journal.DAO.FrameworkDao) throws com.example.Journal.errors.MyException
2020-01-14 11:12:00.609  INFO 6163 --- [    Test worker] s.w.s.m.m.a.RequestMappingHandlerMapping : Mapped "{[/frameworks],methods=[GET]}" onto public java.util.List<com.example.Journal.models.Framework> com.example.Journal.controller.FrameworkController.getFrameworks()
2020-01-14 11:12:00.610  INFO 6163 --- [    Test worker] s.w.s.m.m.a.RequestMappingHandlerMapping : Mapped "{[/frameworks/{frameworkId}],methods=[DELETE]}" onto public void com.example.Journal.controller.FrameworkController.deleteFramework(java.lang.Integer)
2020-01-14 11:12:00.611  INFO 6163 --- [    Test worker] s.w.s.m.m.a.RequestMappingHandlerMapping : Mapped "{[/frameworks/{frameworkId}],methods=[GET]}" onto public java.util.Optional<com.example.Journal.models.Framework> com.example.Journal.controller.FrameworkController.getFrameworkById(java.lang.Integer)
2020-01-14 11:12:00.621  INFO 6163 --- [    Test worker] s.w.s.m.m.a.RequestMappingHandlerAdapter : Looking for @ControllerAdvice: org.springframework.test.web.servlet.setup.StubWebApplicationContext@44faf9b8
2020-01-14 11:12:00.624  INFO 6163 --- [    Test worker] .m.m.a.ExceptionHandlerExceptionResolver : Detected @ExceptionHandler methods in com.example.Journal.errors.ExceptionHandlingController#12029f49
2020-01-14 11:12:00.625  INFO 6163 --- [    Test worker] o.s.mock.web.MockServletContext          : Initializing Spring FrameworkServlet ''
2020-01-14 11:12:00.625  INFO 6163 --- [    Test worker] o.s.t.web.servlet.TestDispatcherServlet  : FrameworkServlet '': initialization started
2020-01-14 11:12:00.625  INFO 6163 --- [    Test worker] o.s.t.web.servlet.TestDispatcherServlet  : FrameworkServlet '': initialization completed in 0 ms
2020-01-14 11:12:00.640  INFO 6163 --- [    Test worker] s.w.s.m.m.a.RequestMappingHandlerMapping : Mapped "{[/frameworks],methods=[POST]}" onto public org.springframework.http.ResponseEntity<com.example.Journal.DAO.FrameworkDao> com.example.Journal.controller.FrameworkController.createFramework(com.example.Journal.DAO.FrameworkDao) throws com.example.Journal.errors.MyException
2020-01-14 11:12:00.640  INFO 6163 --- [    Test worker] s.w.s.m.m.a.RequestMappingHandlerMapping : Mapped "{[/frameworks/{frameworkId}],methods=[PUT]}" onto public void com.example.Journal.controller.FrameworkController.updateFramework(java.lang.Integer,com.example.Journal.DAO.FrameworkDao) throws com.example.Journal.errors.MyException
2020-01-14 11:12:00.641  INFO 6163 --- [    Test worker] s.w.s.m.m.a.RequestMappingHandlerMapping : Mapped "{[/frameworks],methods=[GET]}" onto public java.util.List<com.example.Journal.models.Framework> com.example.Journal.controller.FrameworkController.getFrameworks()
2020-01-14 11:12:00.641  INFO 6163 --- [    Test worker] s.w.s.m.m.a.RequestMappingHandlerMapping : Mapped "{[/frameworks/{frameworkId}],methods=[DELETE]}" onto public void com.example.Journal.controller.FrameworkController.deleteFramework(java.lang.Integer)
2020-01-14 11:12:00.642  INFO 6163 --- [    Test worker] s.w.s.m.m.a.RequestMappingHandlerMapping : Mapped "{[/frameworks/{frameworkId}],methods=[GET]}" onto public java.util.Optional<com.example.Journal.models.Framework> com.example.Journal.controller.FrameworkController.getFrameworkById(java.lang.Integer)
2020-01-14 11:12:00.652  INFO 6163 --- [    Test worker] s.w.s.m.m.a.RequestMappingHandlerAdapter : Looking for @ControllerAdvice: org.springframework.test.web.servlet.setup.StubWebApplicationContext@20f4d3c8
2020-01-14 11:12:00.654  INFO 6163 --- [    Test worker] .m.m.a.ExceptionHandlerExceptionResolver : Detected @ExceptionHandler methods in com.example.Journal.errors.ExceptionHandlingController#c5a77fd
2020-01-14 11:12:00.655  INFO 6163 --- [    Test worker] o.s.mock.web.MockServletContext          : Initializing Spring FrameworkServlet ''
2020-01-14 11:12:00.655  INFO 6163 --- [    Test worker] o.s.t.web.servlet.TestDispatcherServlet  : FrameworkServlet '': initialization started
2020-01-14 11:12:00.655  INFO 6163 --- [    Test worker] o.s.t.web.servlet.TestDispatcherServlet  : FrameworkServlet '': initialization completed in 0 ms
]]></system-out>
  <system-err><![CDATA[]]></system-err>
</testsuite>
