<?xml version="1.0" encoding="UTF-8"?>
<testsuite name="com.example.Journal.controller.ResourceControllerTest" tests="5" skipped="0" failures="0" errors="0" timestamp="2020-01-14T11:12:01" hostname="sol020-Inspiron-5570" time="0.146">
  <properties/>
  <testcase name="PostResource_500Response_ShouldReturnError" classname="com.example.Journal.controller.ResourceControllerTest" time="0.019"/>
  <testcase name="PutResource_200Response_ShouldReturnResource" classname="com.example.Journal.controller.ResourceControllerTest" time="0.017"/>
  <testcase name="PutResource_404Response_ShouldReturnError" classname="com.example.Journal.controller.ResourceControllerTest" time="0.057"/>
  <testcase name="PostResource_201Response_ShouldReturnResource" classname="com.example.Journal.controller.ResourceControllerTest" time="0.023"/>
  <testcase name="GetResources_200Response_ShouldReturnAllResources" classname="com.example.Journal.controller.ResourceControllerTest" time="0.025"/>
  <system-out><![CDATA[2020-01-14 11:12:01.043  INFO 6163 --- [    Test worker] .b.t.c.SpringBootTestContextBootstrapper : Neither @ContextConfiguration nor @ContextHierarchy found for test class [com.example.Journal.controller.ResourceControllerTest], using SpringBootContextLoader
2020-01-14 11:12:01.044  INFO 6163 --- [    Test worker] o.s.t.c.support.AbstractContextLoader    : Could not detect default resource locations for test class [com.example.Journal.controller.ResourceControllerTest]: no resource found for suffixes {-context.xml, Context.groovy}.
2020-01-14 11:12:01.044  INFO 6163 --- [    Test worker] t.c.s.AnnotationConfigContextLoaderUtils : Could not detect default configuration classes for test class [com.example.Journal.controller.ResourceControllerTest]: ResourceControllerTest does not declare any static, non-private, non-final, nested classes annotated with @Configuration.
2020-01-14 11:12:01.046  INFO 6163 --- [    Test worker] .b.t.c.SpringBootTestContextBootstrapper : Found @SpringBootConfiguration com.example.Journal.JournalApplication for test class com.example.Journal.controller.ResourceControllerTest
2020-01-14 11:12:01.047  INFO 6163 --- [    Test worker] .b.t.c.SpringBootTestContextBootstrapper : Loaded default TestExecutionListener class names from location [META-INF/spring.factories]: [org.springframework.security.test.context.support.WithSecurityContextTestExecutionListener, org.springframework.security.test.context.support.ReactorContextTestExecutionListener, org.springframework.boot.test.autoconfigure.restdocs.RestDocsTestExecutionListener, org.springframework.boot.test.autoconfigure.web.client.MockRestServiceServerResetTestExecutionListener, org.springframework.boot.test.autoconfigure.web.servlet.MockMvcPrintOnlyOnFailureTestExecutionListener, org.springframework.boot.test.autoconfigure.web.servlet.WebDriverTestExecutionListener, org.springframework.boot.test.mock.mockito.MockitoTestExecutionListener, org.springframework.boot.test.mock.mockito.ResetMocksTestExecutionListener, org.springframework.test.context.web.ServletTestExecutionListener, org.springframework.test.context.support.DirtiesContextBeforeModesTestExecutionListener, org.springframework.test.context.support.DependencyInjectionTestExecutionListener, org.springframework.test.context.support.DirtiesContextTestExecutionListener, org.springframework.test.context.transaction.TransactionalTestExecutionListener, org.springframework.test.context.jdbc.SqlScriptsTestExecutionListener]
2020-01-14 11:12:01.048  INFO 6163 --- [    Test worker] .b.t.c.SpringBootTestContextBootstrapper : Using TestExecutionListeners: [org.springframework.test.context.web.ServletTestExecutionListener@4dc22d34, org.springframework.test.context.support.DirtiesContextBeforeModesTestExecutionListener@764caab8, org.springframework.boot.test.mock.mockito.MockitoTestExecutionListener@4b53a6ef, org.springframework.boot.test.autoconfigure.SpringBootDependencyInjectionTestExecutionListener@6cde2318, org.springframework.test.context.support.DirtiesContextTestExecutionListener@3029083a, org.springframework.test.context.transaction.TransactionalTestExecutionListener@23237ded, org.springframework.test.context.jdbc.SqlScriptsTestExecutionListener@7511c3b8, org.springframework.security.test.context.support.WithSecurityContextTestExecutionListener@684ae8e1, org.springframework.security.test.context.support.ReactorContextTestExecutionListener@105a450a, org.springframework.boot.test.autoconfigure.restdocs.RestDocsTestExecutionListener@28ae8ef9, org.springframework.boot.test.autoconfigure.web.client.MockRestServiceServerResetTestExecutionListener@53599457, org.springframework.boot.test.autoconfigure.web.servlet.MockMvcPrintOnlyOnFailureTestExecutionListener@6ceb733d, org.springframework.boot.test.autoconfigure.web.servlet.WebDriverTestExecutionListener@2edb09bf, org.springframework.boot.test.mock.mockito.ResetMocksTestExecutionListener@72de83db]
2020-01-14 11:12:01.078  INFO 6163 --- [    Test worker] s.w.s.m.m.a.RequestMappingHandlerMapping : Mapped "{[/resources/{resourceId}],methods=[DELETE]}" onto public void com.example.Journal.controller.ResourceController.deleteResource(java.lang.Integer)
2020-01-14 11:12:01.078  INFO 6163 --- [    Test worker] s.w.s.m.m.a.RequestMappingHandlerMapping : Mapped "{[/resources],methods=[POST]}" onto public org.springframework.http.ResponseEntity<com.example.Journal.DAO.ResourceDao> com.example.Journal.controller.ResourceController.createResource(com.example.Journal.DAO.ResourceDao) throws com.example.Journal.errors.MyException
2020-01-14 11:12:01.079  INFO 6163 --- [    Test worker] s.w.s.m.m.a.RequestMappingHandlerMapping : Mapped "{[/resources/{resourceId}],methods=[GET]}" onto public java.util.Optional<com.example.Journal.models.Resource> com.example.Journal.controller.ResourceController.getResourceById(java.lang.Integer)
2020-01-14 11:12:01.079  INFO 6163 --- [    Test worker] s.w.s.m.m.a.RequestMappingHandlerMapping : Mapped "{[/resources/{resourceId}],methods=[PUT]}" onto public void com.example.Journal.controller.ResourceController.updateResource(java.lang.Integer,com.example.Journal.DAO.ResourceDao) throws com.example.Journal.errors.MyException
2020-01-14 11:12:01.079  INFO 6163 --- [    Test worker] s.w.s.m.m.a.RequestMappingHandlerMapping : Mapped "{[/resources],methods=[GET]}" onto public java.util.List<com.example.Journal.models.Resource> com.example.Journal.controller.ResourceController.getResources()
2020-01-14 11:12:01.085  INFO 6163 --- [    Test worker] s.w.s.m.m.a.RequestMappingHandlerAdapter : Looking for @ControllerAdvice: org.springframework.test.web.servlet.setup.StubWebApplicationContext@1238e761
2020-01-14 11:12:01.087  INFO 6163 --- [    Test worker] .m.m.a.ExceptionHandlerExceptionResolver : Detected @ExceptionHandler methods in com.example.Journal.errors.ExceptionHandlingController#4b4d38c5
2020-01-14 11:12:01.088  INFO 6163 --- [    Test worker] o.s.mock.web.MockServletContext          : Initializing Spring FrameworkServlet ''
2020-01-14 11:12:01.088  INFO 6163 --- [    Test worker] o.s.t.web.servlet.TestDispatcherServlet  : FrameworkServlet '': initialization started
2020-01-14 11:12:01.088  INFO 6163 --- [    Test worker] o.s.t.web.servlet.TestDispatcherServlet  : FrameworkServlet '': initialization completed in 0 ms
2020-01-14 11:12:01.097  INFO 6163 --- [    Test worker] s.w.s.m.m.a.RequestMappingHandlerMapping : Mapped "{[/resources/{resourceId}],methods=[DELETE]}" onto public void com.example.Journal.controller.ResourceController.deleteResource(java.lang.Integer)
2020-01-14 11:12:01.097  INFO 6163 --- [    Test worker] s.w.s.m.m.a.RequestMappingHandlerMapping : Mapped "{[/resources],methods=[POST]}" onto public org.springframework.http.ResponseEntity<com.example.Journal.DAO.ResourceDao> com.example.Journal.controller.ResourceController.createResource(com.example.Journal.DAO.ResourceDao) throws com.example.Journal.errors.MyException
2020-01-14 11:12:01.097  INFO 6163 --- [    Test worker] s.w.s.m.m.a.RequestMappingHandlerMapping : Mapped "{[/resources/{resourceId}],methods=[GET]}" onto public java.util.Optional<com.example.Journal.models.Resource> com.example.Journal.controller.ResourceController.getResourceById(java.lang.Integer)
2020-01-14 11:12:01.098  INFO 6163 --- [    Test worker] s.w.s.m.m.a.RequestMappingHandlerMapping : Mapped "{[/resources/{resourceId}],methods=[PUT]}" onto public void com.example.Journal.controller.ResourceController.updateResource(java.lang.Integer,com.example.Journal.DAO.ResourceDao) throws com.example.Journal.errors.MyException
2020-01-14 11:12:01.098  INFO 6163 --- [    Test worker] s.w.s.m.m.a.RequestMappingHandlerMapping : Mapped "{[/resources],methods=[GET]}" onto public java.util.List<com.example.Journal.models.Resource> com.example.Journal.controller.ResourceController.getResources()
2020-01-14 11:12:01.104  INFO 6163 --- [    Test worker] s.w.s.m.m.a.RequestMappingHandlerAdapter : Looking for @ControllerAdvice: org.springframework.test.web.servlet.setup.StubWebApplicationContext@55d05ce4
2020-01-14 11:12:01.107  INFO 6163 --- [    Test worker] .m.m.a.ExceptionHandlerExceptionResolver : Detected @ExceptionHandler methods in com.example.Journal.errors.ExceptionHandlingController#abfd95c
2020-01-14 11:12:01.107  INFO 6163 --- [    Test worker] o.s.mock.web.MockServletContext          : Initializing Spring FrameworkServlet ''
2020-01-14 11:12:01.108  INFO 6163 --- [    Test worker] o.s.t.web.servlet.TestDispatcherServlet  : FrameworkServlet '': initialization started
2020-01-14 11:12:01.108  INFO 6163 --- [    Test worker] o.s.t.web.servlet.TestDispatcherServlet  : FrameworkServlet '': initialization completed in 0 ms
2020-01-14 11:12:01.138  INFO 6163 --- [    Test worker] s.w.s.m.m.a.RequestMappingHandlerMapping : Mapped "{[/resources/{resourceId}],methods=[DELETE]}" onto public void com.example.Journal.controller.ResourceController.deleteResource(java.lang.Integer)
2020-01-14 11:12:01.139  INFO 6163 --- [    Test worker] s.w.s.m.m.a.RequestMappingHandlerMapping : Mapped "{[/resources],methods=[POST]}" onto public org.springframework.http.ResponseEntity<com.example.Journal.DAO.ResourceDao> com.example.Journal.controller.ResourceController.createResource(com.example.Journal.DAO.ResourceDao) throws com.example.Journal.errors.MyException
2020-01-14 11:12:01.140  INFO 6163 --- [    Test worker] s.w.s.m.m.a.RequestMappingHandlerMapping : Mapped "{[/resources/{resourceId}],methods=[GET]}" onto public java.util.Optional<com.example.Journal.models.Resource> com.example.Journal.controller.ResourceController.getResourceById(java.lang.Integer)
2020-01-14 11:12:01.140  INFO 6163 --- [    Test worker] s.w.s.m.m.a.RequestMappingHandlerMapping : Mapped "{[/resources/{resourceId}],methods=[PUT]}" onto public void com.example.Journal.controller.ResourceController.updateResource(java.lang.Integer,com.example.Journal.DAO.ResourceDao) throws com.example.Journal.errors.MyException
2020-01-14 11:12:01.140  INFO 6163 --- [    Test worker] s.w.s.m.m.a.RequestMappingHandlerMapping : Mapped "{[/resources],methods=[GET]}" onto public java.util.List<com.example.Journal.models.Resource> com.example.Journal.controller.ResourceController.getResources()
2020-01-14 11:12:01.159  INFO 6163 --- [    Test worker] s.w.s.m.m.a.RequestMappingHandlerAdapter : Looking for @ControllerAdvice: org.springframework.test.web.servlet.setup.StubWebApplicationContext@53132137
2020-01-14 11:12:01.162  INFO 6163 --- [    Test worker] .m.m.a.ExceptionHandlerExceptionResolver : Detected @ExceptionHandler methods in com.example.Journal.errors.ExceptionHandlingController#28e81377
2020-01-14 11:12:01.162  INFO 6163 --- [    Test worker] o.s.mock.web.MockServletContext          : Initializing Spring FrameworkServlet ''
2020-01-14 11:12:01.163  INFO 6163 --- [    Test worker] o.s.t.web.servlet.TestDispatcherServlet  : FrameworkServlet '': initialization started
2020-01-14 11:12:01.163  INFO 6163 --- [    Test worker] o.s.t.web.servlet.TestDispatcherServlet  : FrameworkServlet '': initialization completed in 0 ms
2020-01-14 11:12:01.175  INFO 6163 --- [    Test worker] s.w.s.m.m.a.RequestMappingHandlerMapping : Mapped "{[/resources/{resourceId}],methods=[DELETE]}" onto public void com.example.Journal.controller.ResourceController.deleteResource(java.lang.Integer)
2020-01-14 11:12:01.175  INFO 6163 --- [    Test worker] s.w.s.m.m.a.RequestMappingHandlerMapping : Mapped "{[/resources],methods=[POST]}" onto public org.springframework.http.ResponseEntity<com.example.Journal.DAO.ResourceDao> com.example.Journal.controller.ResourceController.createResource(com.example.Journal.DAO.ResourceDao) throws com.example.Journal.errors.MyException
2020-01-14 11:12:01.176  INFO 6163 --- [    Test worker] s.w.s.m.m.a.RequestMappingHandlerMapping : Mapped "{[/resources/{resourceId}],methods=[GET]}" onto public java.util.Optional<com.example.Journal.models.Resource> com.example.Journal.controller.ResourceController.getResourceById(java.lang.Integer)
2020-01-14 11:12:01.176  INFO 6163 --- [    Test worker] s.w.s.m.m.a.RequestMappingHandlerMapping : Mapped "{[/resources/{resourceId}],methods=[PUT]}" onto public void com.example.Journal.controller.ResourceController.updateResource(java.lang.Integer,com.example.Journal.DAO.ResourceDao) throws com.example.Journal.errors.MyException
2020-01-14 11:12:01.176  INFO 6163 --- [    Test worker] s.w.s.m.m.a.RequestMappingHandlerMapping : Mapped "{[/resources],methods=[GET]}" onto public java.util.List<com.example.Journal.models.Resource> com.example.Journal.controller.ResourceController.getResources()
2020-01-14 11:12:01.186  INFO 6163 --- [    Test worker] s.w.s.m.m.a.RequestMappingHandlerAdapter : Looking for @ControllerAdvice: org.springframework.test.web.servlet.setup.StubWebApplicationContext@3941376c
2020-01-14 11:12:01.187  INFO 6163 --- [    Test worker] .m.m.a.ExceptionHandlerExceptionResolver : Detected @ExceptionHandler methods in com.example.Journal.errors.ExceptionHandlingController#44fc8538
2020-01-14 11:12:01.188  INFO 6163 --- [    Test worker] o.s.mock.web.MockServletContext          : Initializing Spring FrameworkServlet ''
2020-01-14 11:12:01.188  INFO 6163 --- [    Test worker] o.s.t.web.servlet.TestDispatcherServlet  : FrameworkServlet '': initialization started
2020-01-14 11:12:01.188  INFO 6163 --- [    Test worker] o.s.t.web.servlet.TestDispatcherServlet  : FrameworkServlet '': initialization completed in 0 ms
2020-01-14 11:12:01.199  INFO 6163 --- [    Test worker] s.w.s.m.m.a.RequestMappingHandlerMapping : Mapped "{[/resources/{resourceId}],methods=[DELETE]}" onto public void com.example.Journal.controller.ResourceController.deleteResource(java.lang.Integer)
2020-01-14 11:12:01.199  INFO 6163 --- [    Test worker] s.w.s.m.m.a.RequestMappingHandlerMapping : Mapped "{[/resources],methods=[POST]}" onto public org.springframework.http.ResponseEntity<com.example.Journal.DAO.ResourceDao> com.example.Journal.controller.ResourceController.createResource(com.example.Journal.DAO.ResourceDao) throws com.example.Journal.errors.MyException
2020-01-14 11:12:01.200  INFO 6163 --- [    Test worker] s.w.s.m.m.a.RequestMappingHandlerMapping : Mapped "{[/resources/{resourceId}],methods=[GET]}" onto public java.util.Optional<com.example.Journal.models.Resource> com.example.Journal.controller.ResourceController.getResourceById(java.lang.Integer)
2020-01-14 11:12:01.200  INFO 6163 --- [    Test worker] s.w.s.m.m.a.RequestMappingHandlerMapping : Mapped "{[/resources/{resourceId}],methods=[PUT]}" onto public void com.example.Journal.controller.ResourceController.updateResource(java.lang.Integer,com.example.Journal.DAO.ResourceDao) throws com.example.Journal.errors.MyException
2020-01-14 11:12:01.200  INFO 6163 --- [    Test worker] s.w.s.m.m.a.RequestMappingHandlerMapping : Mapped "{[/resources],methods=[GET]}" onto public java.util.List<com.example.Journal.models.Resource> com.example.Journal.controller.ResourceController.getResources()
2020-01-14 11:12:01.211  INFO 6163 --- [    Test worker] s.w.s.m.m.a.RequestMappingHandlerAdapter : Looking for @ControllerAdvice: org.springframework.test.web.servlet.setup.StubWebApplicationContext@2bfd4fb6
2020-01-14 11:12:01.214  INFO 6163 --- [    Test worker] .m.m.a.ExceptionHandlerExceptionResolver : Detected @ExceptionHandler methods in com.example.Journal.errors.ExceptionHandlingController#4fd48b12
2020-01-14 11:12:01.214  INFO 6163 --- [    Test worker] o.s.mock.web.MockServletContext          : Initializing Spring FrameworkServlet ''
2020-01-14 11:12:01.214  INFO 6163 --- [    Test worker] o.s.t.web.servlet.TestDispatcherServlet  : FrameworkServlet '': initialization started
2020-01-14 11:12:01.214  INFO 6163 --- [    Test worker] o.s.t.web.servlet.TestDispatcherServlet  : FrameworkServlet '': initialization completed in 0 ms
]]></system-out>
  <system-err><![CDATA[]]></system-err>
</testsuite>
