<?xml version="1.0" encoding="UTF-8"?>
<testsuite name="Scenario: Get the list of resources" tests="3" skipped="0" failures="0" errors="0" timestamp="2020-01-14T11:12:01" hostname="sol020-Inspiron-5570" time="0.006">
  <properties/>
  <testcase name="When a get request is made to ' &quot;/resources&quot; '" classname="Scenario: Get the list of resources" time="0.0"/>
  <testcase name="Then a response code of 200" classname="Scenario: Get the list of resources" time="0.0"/>
  <testcase name="classMethod" classname="Scenario: Get the list of resources" time="0.15"/>
  <system-out><![CDATA[2020-01-14 11:12:00.876  INFO 6163 --- [    Test worker] o.s.t.c.support.AbstractContextLoader    : Could not detect default resource locations for test class [cucumber.steps.ResourceSteps]: no resource found for suffixes {-context.xml}.
2020-01-14 11:12:00.877  INFO 6163 --- [    Test worker] t.c.s.AnnotationConfigContextLoaderUtils : Could not detect default configuration classes for test class [cucumber.steps.ResourceSteps]: ResourceSteps does not declare any static, non-private, non-final, nested classes annotated with @Configuration.
2020-01-14 11:12:00.878  INFO 6163 --- [    Test worker] o.s.t.c.s.DefaultTestContextBootstrapper : Loaded default TestExecutionListener class names from location [META-INF/spring.factories]: [org.springframework.security.test.context.support.WithSecurityContextTestExecutionListener, org.springframework.security.test.context.support.ReactorContextTestExecutionListener, org.springframework.boot.test.autoconfigure.restdocs.RestDocsTestExecutionListener, org.springframework.boot.test.autoconfigure.web.client.MockRestServiceServerResetTestExecutionListener, org.springframework.boot.test.autoconfigure.web.servlet.MockMvcPrintOnlyOnFailureTestExecutionListener, org.springframework.boot.test.autoconfigure.web.servlet.WebDriverTestExecutionListener, org.springframework.boot.test.mock.mockito.MockitoTestExecutionListener, org.springframework.boot.test.mock.mockito.ResetMocksTestExecutionListener, org.springframework.test.context.web.ServletTestExecutionListener, org.springframework.test.context.support.DirtiesContextBeforeModesTestExecutionListener, org.springframework.test.context.support.DependencyInjectionTestExecutionListener, org.springframework.test.context.support.DirtiesContextTestExecutionListener, org.springframework.test.context.transaction.TransactionalTestExecutionListener, org.springframework.test.context.jdbc.SqlScriptsTestExecutionListener]
2020-01-14 11:12:00.879  INFO 6163 --- [    Test worker] o.s.t.c.s.DefaultTestContextBootstrapper : Using TestExecutionListeners: [org.springframework.test.context.web.ServletTestExecutionListener@2db7b40d, org.springframework.test.context.support.DirtiesContextBeforeModesTestExecutionListener@5fbfcd8d, org.springframework.boot.test.mock.mockito.MockitoTestExecutionListener@284653b4, org.springframework.test.context.support.DependencyInjectionTestExecutionListener@164438dc, org.springframework.test.context.support.DirtiesContextTestExecutionListener@6c3e1c5, org.springframework.test.context.transaction.TransactionalTestExecutionListener@27b19735, org.springframework.test.context.jdbc.SqlScriptsTestExecutionListener@3d70ab84, org.springframework.security.test.context.support.WithSecurityContextTestExecutionListener@a45e62e, org.springframework.security.test.context.support.ReactorContextTestExecutionListener@1391e36a, org.springframework.boot.test.autoconfigure.restdocs.RestDocsTestExecutionListener@38b2d612, org.springframework.boot.test.autoconfigure.web.client.MockRestServiceServerResetTestExecutionListener@a6760b, org.springframework.boot.test.autoconfigure.web.servlet.MockMvcPrintOnlyOnFailureTestExecutionListener@25f794a7, org.springframework.boot.test.autoconfigure.web.servlet.WebDriverTestExecutionListener@39e1a9c0, org.springframework.boot.test.mock.mockito.ResetMocksTestExecutionListener@174dfaa8]
2020-01-14 11:12:00.880  INFO 6163 --- [    Test worker] o.s.c.support.GenericApplicationContext  : Refreshing org.springframework.context.support.GenericApplicationContext@9b82b3f: startup date [Tue Jan 14 11:12:00 GMT 2020]; root of context hierarchy
]]></system-out>
  <system-err><![CDATA[]]></system-err>
</testsuite>
