<?xml version="1.0" encoding="UTF-8"?>
<testsuite name="com.example.Journal.controller.LanguageControllerTest" tests="5" skipped="0" failures="0" errors="0" timestamp="2020-01-14T11:12:01" hostname="sol020-Inspiron-5570" time="0.111">
  <properties/>
  <testcase name="PutLanguage_404Response_ShouldReturnError" classname="com.example.Journal.controller.LanguageControllerTest" time="0.028"/>
  <testcase name="PutLanguage_200Response_ShouldReturnLanguage" classname="com.example.Journal.controller.LanguageControllerTest" time="0.022"/>
  <testcase name="PostLanguage_201Response_ShouldReturnLanguage" classname="com.example.Journal.controller.LanguageControllerTest" time="0.021"/>
  <testcase name="GetLanguages_200Response_ShouldReturnAllLanguages" classname="com.example.Journal.controller.LanguageControllerTest" time="0.017"/>
  <testcase name="PostLanguage_500Response_ShouldReturnError" classname="com.example.Journal.controller.LanguageControllerTest" time="0.017"/>
  <system-out><![CDATA[2020-01-14 11:12:01.222  INFO 6163 --- [    Test worker] .b.t.c.SpringBootTestContextBootstrapper : Neither @ContextConfiguration nor @ContextHierarchy found for test class [com.example.Journal.controller.LanguageControllerTest], using SpringBootContextLoader
2020-01-14 11:12:01.223  INFO 6163 --- [    Test worker] o.s.t.c.support.AbstractContextLoader    : Could not detect default resource locations for test class [com.example.Journal.controller.LanguageControllerTest]: no resource found for suffixes {-context.xml, Context.groovy}.
2020-01-14 11:12:01.223  INFO 6163 --- [    Test worker] t.c.s.AnnotationConfigContextLoaderUtils : Could not detect default configuration classes for test class [com.example.Journal.controller.LanguageControllerTest]: LanguageControllerTest does not declare any static, non-private, non-final, nested classes annotated with @Configuration.
2020-01-14 11:12:01.226  INFO 6163 --- [    Test worker] .b.t.c.SpringBootTestContextBootstrapper : Found @SpringBootConfiguration com.example.Journal.JournalApplication for test class com.example.Journal.controller.LanguageControllerTest
2020-01-14 11:12:01.229  INFO 6163 --- [    Test worker] .b.t.c.SpringBootTestContextBootstrapper : Loaded default TestExecutionListener class names from location [META-INF/spring.factories]: [org.springframework.security.test.context.support.WithSecurityContextTestExecutionListener, org.springframework.security.test.context.support.ReactorContextTestExecutionListener, org.springframework.boot.test.autoconfigure.restdocs.RestDocsTestExecutionListener, org.springframework.boot.test.autoconfigure.web.client.MockRestServiceServerResetTestExecutionListener, org.springframework.boot.test.autoconfigure.web.servlet.MockMvcPrintOnlyOnFailureTestExecutionListener, org.springframework.boot.test.autoconfigure.web.servlet.WebDriverTestExecutionListener, org.springframework.boot.test.mock.mockito.MockitoTestExecutionListener, org.springframework.boot.test.mock.mockito.ResetMocksTestExecutionListener, org.springframework.test.context.web.ServletTestExecutionListener, org.springframework.test.context.support.DirtiesContextBeforeModesTestExecutionListener, org.springframework.test.context.support.DependencyInjectionTestExecutionListener, org.springframework.test.context.support.DirtiesContextTestExecutionListener, org.springframework.test.context.transaction.TransactionalTestExecutionListener, org.springframework.test.context.jdbc.SqlScriptsTestExecutionListener]
2020-01-14 11:12:01.230  INFO 6163 --- [    Test worker] .b.t.c.SpringBootTestContextBootstrapper : Using TestExecutionListeners: [org.springframework.test.context.web.ServletTestExecutionListener@3d27ae81, org.springframework.test.context.support.DirtiesContextBeforeModesTestExecutionListener@1735551, org.springframework.boot.test.mock.mockito.MockitoTestExecutionListener@3652ed9e, org.springframework.boot.test.autoconfigure.SpringBootDependencyInjectionTestExecutionListener@7848600e, org.springframework.test.context.support.DirtiesContextTestExecutionListener@789b8a20, org.springframework.test.context.transaction.TransactionalTestExecutionListener@63d981bf, org.springframework.test.context.jdbc.SqlScriptsTestExecutionListener@42c6be47, org.springframework.security.test.context.support.WithSecurityContextTestExecutionListener@7935fe01, org.springframework.security.test.context.support.ReactorContextTestExecutionListener@5d5bb18d, org.springframework.boot.test.autoconfigure.restdocs.RestDocsTestExecutionListener@72a007e0, org.springframework.boot.test.autoconfigure.web.client.MockRestServiceServerResetTestExecutionListener@563ab75, org.springframework.boot.test.autoconfigure.web.servlet.MockMvcPrintOnlyOnFailureTestExecutionListener@5370982e, org.springframework.boot.test.autoconfigure.web.servlet.WebDriverTestExecutionListener@53a78c14, org.springframework.boot.test.mock.mockito.ResetMocksTestExecutionListener@21ca0e87]
2020-01-14 11:12:01.273  INFO 6163 --- [    Test worker] s.w.s.m.m.a.RequestMappingHandlerMapping : Mapped "{[/languages],methods=[POST]}" onto public org.springframework.http.ResponseEntity<com.example.Journal.DAO.LanguageDao> com.example.Journal.controller.LanguageController.createLanguage(com.example.Journal.DAO.LanguageDao) throws com.example.Journal.errors.MyException
2020-01-14 11:12:01.274  INFO 6163 --- [    Test worker] s.w.s.m.m.a.RequestMappingHandlerMapping : Mapped "{[/languages/{languageId}],methods=[DELETE]}" onto public void com.example.Journal.controller.LanguageController.deleteLanguage(java.lang.Integer)
2020-01-14 11:12:01.274  INFO 6163 --- [    Test worker] s.w.s.m.m.a.RequestMappingHandlerMapping : Mapped "{[/languages/{languageId}],methods=[GET]}" onto public java.util.Optional<com.example.Journal.models.Language> com.example.Journal.controller.LanguageController.getLanguageById(java.lang.Integer)
2020-01-14 11:12:01.275  INFO 6163 --- [    Test worker] s.w.s.m.m.a.RequestMappingHandlerMapping : Mapped "{[/languages/{languageId}],methods=[PUT]}" onto public void com.example.Journal.controller.LanguageController.updateLanguage(java.lang.Integer,com.example.Journal.DAO.LanguageDao) throws com.example.Journal.errors.MyException
2020-01-14 11:12:01.275  INFO 6163 --- [    Test worker] s.w.s.m.m.a.RequestMappingHandlerMapping : Mapped "{[/languages],methods=[GET]}" onto public java.util.List<com.example.Journal.models.Language> com.example.Journal.controller.LanguageController.getLanguages()
2020-01-14 11:12:01.286  INFO 6163 --- [    Test worker] s.w.s.m.m.a.RequestMappingHandlerAdapter : Looking for @ControllerAdvice: org.springframework.test.web.servlet.setup.StubWebApplicationContext@622ffa75
2020-01-14 11:12:01.288  INFO 6163 --- [    Test worker] .m.m.a.ExceptionHandlerExceptionResolver : Detected @ExceptionHandler methods in com.example.Journal.errors.ExceptionHandlingController#75487585
2020-01-14 11:12:01.289  INFO 6163 --- [    Test worker] o.s.mock.web.MockServletContext          : Initializing Spring FrameworkServlet ''
2020-01-14 11:12:01.289  INFO 6163 --- [    Test worker] o.s.t.web.servlet.TestDispatcherServlet  : FrameworkServlet '': initialization started
2020-01-14 11:12:01.289  INFO 6163 --- [    Test worker] o.s.t.web.servlet.TestDispatcherServlet  : FrameworkServlet '': initialization completed in 0 ms
2020-01-14 11:12:01.302  INFO 6163 --- [    Test worker] s.w.s.m.m.a.RequestMappingHandlerMapping : Mapped "{[/languages],methods=[POST]}" onto public org.springframework.http.ResponseEntity<com.example.Journal.DAO.LanguageDao> com.example.Journal.controller.LanguageController.createLanguage(com.example.Journal.DAO.LanguageDao) throws com.example.Journal.errors.MyException
2020-01-14 11:12:01.302  INFO 6163 --- [    Test worker] s.w.s.m.m.a.RequestMappingHandlerMapping : Mapped "{[/languages/{languageId}],methods=[DELETE]}" onto public void com.example.Journal.controller.LanguageController.deleteLanguage(java.lang.Integer)
2020-01-14 11:12:01.303  INFO 6163 --- [    Test worker] s.w.s.m.m.a.RequestMappingHandlerMapping : Mapped "{[/languages/{languageId}],methods=[GET]}" onto public java.util.Optional<com.example.Journal.models.Language> com.example.Journal.controller.LanguageController.getLanguageById(java.lang.Integer)
2020-01-14 11:12:01.303  INFO 6163 --- [    Test worker] s.w.s.m.m.a.RequestMappingHandlerMapping : Mapped "{[/languages/{languageId}],methods=[PUT]}" onto public void com.example.Journal.controller.LanguageController.updateLanguage(java.lang.Integer,com.example.Journal.DAO.LanguageDao) throws com.example.Journal.errors.MyException
2020-01-14 11:12:01.303  INFO 6163 --- [    Test worker] s.w.s.m.m.a.RequestMappingHandlerMapping : Mapped "{[/languages],methods=[GET]}" onto public java.util.List<com.example.Journal.models.Language> com.example.Journal.controller.LanguageController.getLanguages()
2020-01-14 11:12:01.313  INFO 6163 --- [    Test worker] s.w.s.m.m.a.RequestMappingHandlerAdapter : Looking for @ControllerAdvice: org.springframework.test.web.servlet.setup.StubWebApplicationContext@43692848
2020-01-14 11:12:01.315  INFO 6163 --- [    Test worker] .m.m.a.ExceptionHandlerExceptionResolver : Detected @ExceptionHandler methods in com.example.Journal.errors.ExceptionHandlingController#33589c71
2020-01-14 11:12:01.315  INFO 6163 --- [    Test worker] o.s.mock.web.MockServletContext          : Initializing Spring FrameworkServlet ''
2020-01-14 11:12:01.315  INFO 6163 --- [    Test worker] o.s.t.web.servlet.TestDispatcherServlet  : FrameworkServlet '': initialization started
2020-01-14 11:12:01.316  INFO 6163 --- [    Test worker] o.s.t.web.servlet.TestDispatcherServlet  : FrameworkServlet '': initialization completed in 0 ms
2020-01-14 11:12:01.330  INFO 6163 --- [    Test worker] s.w.s.m.m.a.RequestMappingHandlerMapping : Mapped "{[/languages],methods=[POST]}" onto public org.springframework.http.ResponseEntity<com.example.Journal.DAO.LanguageDao> com.example.Journal.controller.LanguageController.createLanguage(com.example.Journal.DAO.LanguageDao) throws com.example.Journal.errors.MyException
2020-01-14 11:12:01.331  INFO 6163 --- [    Test worker] s.w.s.m.m.a.RequestMappingHandlerMapping : Mapped "{[/languages/{languageId}],methods=[DELETE]}" onto public void com.example.Journal.controller.LanguageController.deleteLanguage(java.lang.Integer)
2020-01-14 11:12:01.331  INFO 6163 --- [    Test worker] s.w.s.m.m.a.RequestMappingHandlerMapping : Mapped "{[/languages/{languageId}],methods=[GET]}" onto public java.util.Optional<com.example.Journal.models.Language> com.example.Journal.controller.LanguageController.getLanguageById(java.lang.Integer)
2020-01-14 11:12:01.331  INFO 6163 --- [    Test worker] s.w.s.m.m.a.RequestMappingHandlerMapping : Mapped "{[/languages/{languageId}],methods=[PUT]}" onto public void com.example.Journal.controller.LanguageController.updateLanguage(java.lang.Integer,com.example.Journal.DAO.LanguageDao) throws com.example.Journal.errors.MyException
2020-01-14 11:12:01.331  INFO 6163 --- [    Test worker] s.w.s.m.m.a.RequestMappingHandlerMapping : Mapped "{[/languages],methods=[GET]}" onto public java.util.List<com.example.Journal.models.Language> com.example.Journal.controller.LanguageController.getLanguages()
2020-01-14 11:12:01.337  INFO 6163 --- [    Test worker] s.w.s.m.m.a.RequestMappingHandlerAdapter : Looking for @ControllerAdvice: org.springframework.test.web.servlet.setup.StubWebApplicationContext@6d629963
2020-01-14 11:12:01.339  INFO 6163 --- [    Test worker] .m.m.a.ExceptionHandlerExceptionResolver : Detected @ExceptionHandler methods in com.example.Journal.errors.ExceptionHandlingController#6008ac2c
2020-01-14 11:12:01.339  INFO 6163 --- [    Test worker] o.s.mock.web.MockServletContext          : Initializing Spring FrameworkServlet ''
2020-01-14 11:12:01.339  INFO 6163 --- [    Test worker] o.s.t.web.servlet.TestDispatcherServlet  : FrameworkServlet '': initialization started
2020-01-14 11:12:01.339  INFO 6163 --- [    Test worker] o.s.t.web.servlet.TestDispatcherServlet  : FrameworkServlet '': initialization completed in 0 ms
2020-01-14 11:12:01.348  INFO 6163 --- [    Test worker] s.w.s.m.m.a.RequestMappingHandlerMapping : Mapped "{[/languages],methods=[POST]}" onto public org.springframework.http.ResponseEntity<com.example.Journal.DAO.LanguageDao> com.example.Journal.controller.LanguageController.createLanguage(com.example.Journal.DAO.LanguageDao) throws com.example.Journal.errors.MyException
2020-01-14 11:12:01.349  INFO 6163 --- [    Test worker] s.w.s.m.m.a.RequestMappingHandlerMapping : Mapped "{[/languages/{languageId}],methods=[DELETE]}" onto public void com.example.Journal.controller.LanguageController.deleteLanguage(java.lang.Integer)
2020-01-14 11:12:01.349  INFO 6163 --- [    Test worker] s.w.s.m.m.a.RequestMappingHandlerMapping : Mapped "{[/languages/{languageId}],methods=[GET]}" onto public java.util.Optional<com.example.Journal.models.Language> com.example.Journal.controller.LanguageController.getLanguageById(java.lang.Integer)
2020-01-14 11:12:01.349  INFO 6163 --- [    Test worker] s.w.s.m.m.a.RequestMappingHandlerMapping : Mapped "{[/languages/{languageId}],methods=[PUT]}" onto public void com.example.Journal.controller.LanguageController.updateLanguage(java.lang.Integer,com.example.Journal.DAO.LanguageDao) throws com.example.Journal.errors.MyException
2020-01-14 11:12:01.349  INFO 6163 --- [    Test worker] s.w.s.m.m.a.RequestMappingHandlerMapping : Mapped "{[/languages],methods=[GET]}" onto public java.util.List<com.example.Journal.models.Language> com.example.Journal.controller.LanguageController.getLanguages()
2020-01-14 11:12:01.356  INFO 6163 --- [    Test worker] s.w.s.m.m.a.RequestMappingHandlerAdapter : Looking for @ControllerAdvice: org.springframework.test.web.servlet.setup.StubWebApplicationContext@62337ca6
2020-01-14 11:12:01.358  INFO 6163 --- [    Test worker] .m.m.a.ExceptionHandlerExceptionResolver : Detected @ExceptionHandler methods in com.example.Journal.errors.ExceptionHandlingController#61124064
2020-01-14 11:12:01.358  INFO 6163 --- [    Test worker] o.s.mock.web.MockServletContext          : Initializing Spring FrameworkServlet ''
2020-01-14 11:12:01.358  INFO 6163 --- [    Test worker] o.s.t.web.servlet.TestDispatcherServlet  : FrameworkServlet '': initialization started
2020-01-14 11:12:01.358  INFO 6163 --- [    Test worker] o.s.t.web.servlet.TestDispatcherServlet  : FrameworkServlet '': initialization completed in 0 ms
2020-01-14 11:12:01.365  INFO 6163 --- [    Test worker] s.w.s.m.m.a.RequestMappingHandlerMapping : Mapped "{[/languages],methods=[POST]}" onto public org.springframework.http.ResponseEntity<com.example.Journal.DAO.LanguageDao> com.example.Journal.controller.LanguageController.createLanguage(com.example.Journal.DAO.LanguageDao) throws com.example.Journal.errors.MyException
2020-01-14 11:12:01.365  INFO 6163 --- [    Test worker] s.w.s.m.m.a.RequestMappingHandlerMapping : Mapped "{[/languages/{languageId}],methods=[DELETE]}" onto public void com.example.Journal.controller.LanguageController.deleteLanguage(java.lang.Integer)
2020-01-14 11:12:01.366  INFO 6163 --- [    Test worker] s.w.s.m.m.a.RequestMappingHandlerMapping : Mapped "{[/languages/{languageId}],methods=[GET]}" onto public java.util.Optional<com.example.Journal.models.Language> com.example.Journal.controller.LanguageController.getLanguageById(java.lang.Integer)
2020-01-14 11:12:01.366  INFO 6163 --- [    Test worker] s.w.s.m.m.a.RequestMappingHandlerMapping : Mapped "{[/languages/{languageId}],methods=[PUT]}" onto public void com.example.Journal.controller.LanguageController.updateLanguage(java.lang.Integer,com.example.Journal.DAO.LanguageDao) throws com.example.Journal.errors.MyException
2020-01-14 11:12:01.366  INFO 6163 --- [    Test worker] s.w.s.m.m.a.RequestMappingHandlerMapping : Mapped "{[/languages],methods=[GET]}" onto public java.util.List<com.example.Journal.models.Language> com.example.Journal.controller.LanguageController.getLanguages()
2020-01-14 11:12:01.373  INFO 6163 --- [    Test worker] s.w.s.m.m.a.RequestMappingHandlerAdapter : Looking for @ControllerAdvice: org.springframework.test.web.servlet.setup.StubWebApplicationContext@6f69aaa0
2020-01-14 11:12:01.375  INFO 6163 --- [    Test worker] .m.m.a.ExceptionHandlerExceptionResolver : Detected @ExceptionHandler methods in com.example.Journal.errors.ExceptionHandlingController#75f81e50
2020-01-14 11:12:01.375  INFO 6163 --- [    Test worker] o.s.mock.web.MockServletContext          : Initializing Spring FrameworkServlet ''
2020-01-14 11:12:01.375  INFO 6163 --- [    Test worker] o.s.t.web.servlet.TestDispatcherServlet  : FrameworkServlet '': initialization started
2020-01-14 11:12:01.375  INFO 6163 --- [    Test worker] o.s.t.web.servlet.TestDispatcherServlet  : FrameworkServlet '': initialization completed in 0 ms
]]></system-out>
  <system-err><![CDATA[]]></system-err>
</testsuite>
